19:40:48.186 [restartedMain] INFO  uce.edu.prueba2_pa.Prueba2PaApplication - Starting Prueba2PaApplication using Java 17.0.3 on DESKTOP-E9HB7V2 with PID 7036 (C:\Users\aldaz\Documents\paulo\Sexto_Septimo\PII\workspace\unidad_2\prueba2_pa\target\classes started by aldaz in C:\Users\aldaz\Documents\paulo\Sexto_Septimo\PII\workspace\unidad_2\prueba2_pa)
19:40:48.195 [restartedMain] INFO  uce.edu.prueba2_pa.Prueba2PaApplication - No active profile set, falling back to 1 default profile: "default"
19:40:48.307 [restartedMain] INFO  org.springframework.boot.devtools.env.DevToolsPropertyDefaultsPostProcessor - Devtools property defaults active! Set 'spring.devtools.add-properties' to 'false' to disable
19:40:49.306 [restartedMain] INFO  org.springframework.data.repository.config.RepositoryConfigurationDelegate - Bootstrapping Spring Data JPA repositories in DEFAULT mode.
19:40:49.353 [restartedMain] INFO  org.springframework.data.repository.config.RepositoryConfigurationDelegate - Finished Spring Data repository scanning in 19 ms. Found 0 JPA repository interfaces.
19:40:50.306 [restartedMain] INFO  org.hibernate.jpa.internal.util.LogHelper - HHH000204: Processing PersistenceUnitInfo [name: default]
19:40:50.501 [restartedMain] INFO  org.hibernate.Version - HHH000412: Hibernate ORM core version 5.6.10.Final
19:40:51.012 [restartedMain] INFO  org.hibernate.annotations.common.Version - HCANN000001: Hibernate Commons Annotations {5.1.2.Final}
19:40:51.935 [restartedMain] INFO  org.hibernate.dialect.Dialect - HHH000400: Using dialect: org.hibernate.dialect.PostgreSQLDialect
19:40:53.747 [restartedMain] INFO  org.hibernate.engine.transaction.jta.platform.internal.JtaPlatformInitiator - HHH000490: Using JtaPlatform implementation: [org.hibernate.engine.transaction.jta.platform.internal.NoJtaPlatform]
19:40:53.767 [restartedMain] INFO  org.springframework.orm.jpa.LocalContainerEntityManagerFactoryBean - Initialized JPA EntityManagerFactory for persistence unit 'default'
19:40:54.132 [restartedMain] INFO  org.springframework.boot.devtools.autoconfigure.OptionalLiveReloadServer - LiveReload server is running on port 35729
19:40:54.173 [restartedMain] INFO  uce.edu.prueba2_pa.Prueba2PaApplication - Started Prueba2PaApplication in 6.715 seconds (JVM running for 8.785)
19:40:54.849 [restartedMain] INFO  org.springframework.boot.autoconfigure.logging.ConditionEvaluationReportLoggingListener - 

Error starting ApplicationContext. To display the conditions report re-run your application with 'debug' enabled.
19:40:54.902 [restartedMain] ERROR org.springframework.boot.SpringApplication - Application run failed
java.lang.IllegalStateException: Failed to execute CommandLineRunner
	at org.springframework.boot.SpringApplication.callRunner(SpringApplication.java:774) ~[spring-boot-2.7.2.jar:2.7.2]
	at org.springframework.boot.SpringApplication.callRunners(SpringApplication.java:755) ~[spring-boot-2.7.2.jar:2.7.2]
	at org.springframework.boot.SpringApplication.run(SpringApplication.java:315) ~[spring-boot-2.7.2.jar:2.7.2]
	at org.springframework.boot.SpringApplication.run(SpringApplication.java:1306) ~[spring-boot-2.7.2.jar:2.7.2]
	at org.springframework.boot.SpringApplication.run(SpringApplication.java:1295) ~[spring-boot-2.7.2.jar:2.7.2]
	at uce.edu.prueba2_pa.Prueba2PaApplication.main(Prueba2PaApplication.java:30) ~[classes/:?]
	at jdk.internal.reflect.NativeMethodAccessorImpl.invoke0(Native Method) ~[?:?]
	at jdk.internal.reflect.NativeMethodAccessorImpl.invoke(Unknown Source) ~[?:?]
	at jdk.internal.reflect.DelegatingMethodAccessorImpl.invoke(Unknown Source) ~[?:?]
	at java.lang.reflect.Method.invoke(Unknown Source) ~[?:?]
	at org.springframework.boot.devtools.restart.RestartLauncher.run(RestartLauncher.java:49) ~[spring-boot-devtools-2.7.2.jar:2.7.2]
Caused by: java.time.DateTimeException: Invalid date 'JUNE 31'
	at java.time.LocalDate.create(Unknown Source) ~[?:?]
	at java.time.LocalDate.of(Unknown Source) ~[?:?]
	at java.time.LocalDateTime.of(Unknown Source) ~[?:?]
	at uce.edu.prueba2_pa.Prueba2PaApplication.run(Prueba2PaApplication.java:72) ~[classes/:?]
	at org.springframework.boot.SpringApplication.callRunner(SpringApplication.java:771) ~[spring-boot-2.7.2.jar:2.7.2]
	... 10 more
19:40:54.939 [restartedMain] INFO  org.springframework.orm.jpa.LocalContainerEntityManagerFactoryBean - Closing JPA EntityManagerFactory for persistence unit 'default'
19:43:01.438 [restartedMain] INFO  uce.edu.prueba2_pa.Prueba2PaApplication - Starting Prueba2PaApplication using Java 17.0.3 on DESKTOP-E9HB7V2 with PID 4260 (C:\Users\aldaz\Documents\paulo\Sexto_Septimo\PII\workspace\unidad_2\prueba2_pa\target\classes started by aldaz in C:\Users\aldaz\Documents\paulo\Sexto_Septimo\PII\workspace\unidad_2\prueba2_pa)
19:43:01.445 [restartedMain] INFO  uce.edu.prueba2_pa.Prueba2PaApplication - No active profile set, falling back to 1 default profile: "default"
19:43:01.569 [restartedMain] INFO  org.springframework.boot.devtools.env.DevToolsPropertyDefaultsPostProcessor - Devtools property defaults active! Set 'spring.devtools.add-properties' to 'false' to disable
19:43:02.476 [restartedMain] INFO  org.springframework.data.repository.config.RepositoryConfigurationDelegate - Bootstrapping Spring Data JPA repositories in DEFAULT mode.
19:43:02.517 [restartedMain] INFO  org.springframework.data.repository.config.RepositoryConfigurationDelegate - Finished Spring Data repository scanning in 21 ms. Found 0 JPA repository interfaces.
19:43:03.386 [restartedMain] INFO  org.hibernate.jpa.internal.util.LogHelper - HHH000204: Processing PersistenceUnitInfo [name: default]
19:43:03.535 [restartedMain] INFO  org.hibernate.Version - HHH000412: Hibernate ORM core version 5.6.10.Final
19:43:03.934 [restartedMain] INFO  org.hibernate.annotations.common.Version - HCANN000001: Hibernate Commons Annotations {5.1.2.Final}
19:43:04.748 [restartedMain] INFO  org.hibernate.dialect.Dialect - HHH000400: Using dialect: org.hibernate.dialect.PostgreSQLDialect
19:43:06.487 [restartedMain] INFO  org.hibernate.engine.transaction.jta.platform.internal.JtaPlatformInitiator - HHH000490: Using JtaPlatform implementation: [org.hibernate.engine.transaction.jta.platform.internal.NoJtaPlatform]
19:43:06.507 [restartedMain] INFO  org.springframework.orm.jpa.LocalContainerEntityManagerFactoryBean - Initialized JPA EntityManagerFactory for persistence unit 'default'
19:43:06.918 [restartedMain] INFO  org.springframework.boot.devtools.autoconfigure.OptionalLiveReloadServer - LiveReload server is running on port 35729
19:43:06.968 [restartedMain] INFO  uce.edu.prueba2_pa.Prueba2PaApplication - Started Prueba2PaApplication in 6.339 seconds (JVM running for 8.044)
19:43:07.315 [restartedMain] ERROR org.hibernate.hql.internal.ast.ErrorTracker -  Invalid path: 'p.numero'
19:43:07.315 [restartedMain] ERROR org.hibernate.hql.internal.ast.ErrorTracker -  Invalid path: 'p.numero'
org.hibernate.hql.internal.ast.InvalidPathException: Invalid path: 'p.numero'
	at org.hibernate.hql.internal.ast.util.LiteralProcessor.lookupConstant(LiteralProcessor.java:111) ~[hibernate-core-5.6.10.Final.jar:5.6.10.Final]
	at org.hibernate.hql.internal.ast.tree.DotNode.resolve(DotNode.java:218) ~[hibernate-core-5.6.10.Final.jar:5.6.10.Final]
	at org.hibernate.hql.internal.ast.tree.FromReferenceNode.resolve(FromReferenceNode.java:114) ~[hibernate-core-5.6.10.Final.jar:5.6.10.Final]
	at org.hibernate.hql.internal.ast.tree.FromReferenceNode.resolve(FromReferenceNode.java:109) ~[hibernate-core-5.6.10.Final.jar:5.6.10.Final]
	at org.hibernate.hql.internal.ast.tree.FromReferenceNode.resolve(FromReferenceNode.java:104) ~[hibernate-core-5.6.10.Final.jar:5.6.10.Final]
	at org.hibernate.hql.internal.ast.tree.DotNode.resolveSelectExpression(DotNode.java:798) ~[hibernate-core-5.6.10.Final.jar:5.6.10.Final]
	at org.hibernate.hql.internal.ast.HqlSqlWalker.resolveSelectExpression(HqlSqlWalker.java:1078) ~[hibernate-core-5.6.10.Final.jar:5.6.10.Final]
	at org.hibernate.hql.internal.antlr.HqlSqlBaseWalker.selectExpr(HqlSqlBaseWalker.java:2338) ~[hibernate-core-5.6.10.Final.jar:5.6.10.Final]
	at org.hibernate.hql.internal.antlr.HqlSqlBaseWalker.constructor(HqlSqlBaseWalker.java:2698) ~[hibernate-core-5.6.10.Final.jar:5.6.10.Final]
	at org.hibernate.hql.internal.antlr.HqlSqlBaseWalker.selectExpr(HqlSqlBaseWalker.java:2405) ~[hibernate-core-5.6.10.Final.jar:5.6.10.Final]
	at org.hibernate.hql.internal.antlr.HqlSqlBaseWalker.selectExprList(HqlSqlBaseWalker.java:2275) ~[hibernate-core-5.6.10.Final.jar:5.6.10.Final]
	at org.hibernate.hql.internal.antlr.HqlSqlBaseWalker.selectClause(HqlSqlBaseWalker.java:1534) ~[hibernate-core-5.6.10.Final.jar:5.6.10.Final]
	at org.hibernate.hql.internal.antlr.HqlSqlBaseWalker.query(HqlSqlBaseWalker.java:611) ~[hibernate-core-5.6.10.Final.jar:5.6.10.Final]
	at org.hibernate.hql.internal.antlr.HqlSqlBaseWalker.selectStatement(HqlSqlBaseWalker.java:339) ~[hibernate-core-5.6.10.Final.jar:5.6.10.Final]
	at org.hibernate.hql.internal.antlr.HqlSqlBaseWalker.statement(HqlSqlBaseWalker.java:287) ~[hibernate-core-5.6.10.Final.jar:5.6.10.Final]
	at org.hibernate.hql.internal.ast.QueryTranslatorImpl.analyze(QueryTranslatorImpl.java:276) ~[hibernate-core-5.6.10.Final.jar:5.6.10.Final]
	at org.hibernate.hql.internal.ast.QueryTranslatorImpl.doCompile(QueryTranslatorImpl.java:192) ~[hibernate-core-5.6.10.Final.jar:5.6.10.Final]
	at org.hibernate.hql.internal.ast.QueryTranslatorImpl.compile(QueryTranslatorImpl.java:144) ~[hibernate-core-5.6.10.Final.jar:5.6.10.Final]
	at org.hibernate.engine.query.spi.HQLQueryPlan.<init>(HQLQueryPlan.java:113) ~[hibernate-core-5.6.10.Final.jar:5.6.10.Final]
	at org.hibernate.engine.query.spi.HQLQueryPlan.<init>(HQLQueryPlan.java:73) ~[hibernate-core-5.6.10.Final.jar:5.6.10.Final]
	at org.hibernate.engine.query.spi.QueryPlanCache.getHQLQueryPlan(QueryPlanCache.java:162) ~[hibernate-core-5.6.10.Final.jar:5.6.10.Final]
	at org.hibernate.internal.AbstractSharedSessionContract.getQueryPlan(AbstractSharedSessionContract.java:636) ~[hibernate-core-5.6.10.Final.jar:5.6.10.Final]
	at org.hibernate.internal.AbstractSharedSessionContract.createQuery(AbstractSharedSessionContract.java:748) ~[hibernate-core-5.6.10.Final.jar:5.6.10.Final]
	at org.hibernate.internal.AbstractSharedSessionContract.createQuery(AbstractSharedSessionContract.java:848) ~[hibernate-core-5.6.10.Final.jar:5.6.10.Final]
	at org.hibernate.internal.AbstractSharedSessionContract.createQuery(AbstractSharedSessionContract.java:114) ~[hibernate-core-5.6.10.Final.jar:5.6.10.Final]
	at jdk.internal.reflect.NativeMethodAccessorImpl.invoke0(Native Method) ~[?:?]
	at jdk.internal.reflect.NativeMethodAccessorImpl.invoke(Unknown Source) ~[?:?]
	at jdk.internal.reflect.DelegatingMethodAccessorImpl.invoke(Unknown Source) ~[?:?]
	at java.lang.reflect.Method.invoke(Unknown Source) ~[?:?]
	at org.springframework.orm.jpa.SharedEntityManagerCreator$SharedEntityManagerInvocationHandler.invoke(SharedEntityManagerCreator.java:311) ~[spring-orm-5.3.22.jar:5.3.22]
	at jdk.proxy4.$Proxy101.createQuery(Unknown Source) ~[?:?]
	at uce.edu.prueba2_pa.repository.CitaMedicaRepoImpl.buscarTo(CitaMedicaRepoImpl.java:65) ~[classes/:?]
	at uce.edu.prueba2_pa.repository.CitaMedicaRepoImpl$$FastClassBySpringCGLIB$$fc4c3b74.invoke(<generated>) ~[classes/:?]
	at org.springframework.cglib.proxy.MethodProxy.invoke(MethodProxy.java:218) ~[spring-core-5.3.22.jar:5.3.22]
	at org.springframework.aop.framework.CglibAopProxy$CglibMethodInvocation.invokeJoinpoint(CglibAopProxy.java:793) ~[spring-aop-5.3.22.jar:5.3.22]
	at org.springframework.aop.framework.ReflectiveMethodInvocation.proceed(ReflectiveMethodInvocation.java:163) ~[spring-aop-5.3.22.jar:5.3.22]
	at org.springframework.aop.framework.CglibAopProxy$CglibMethodInvocation.proceed(CglibAopProxy.java:763) ~[spring-aop-5.3.22.jar:5.3.22]
	at org.springframework.dao.support.PersistenceExceptionTranslationInterceptor.invoke(PersistenceExceptionTranslationInterceptor.java:137) ~[spring-tx-5.3.22.jar:5.3.22]
	at org.springframework.aop.framework.ReflectiveMethodInvocation.proceed(ReflectiveMethodInvocation.java:186) ~[spring-aop-5.3.22.jar:5.3.22]
	at org.springframework.aop.framework.CglibAopProxy$CglibMethodInvocation.proceed(CglibAopProxy.java:763) ~[spring-aop-5.3.22.jar:5.3.22]
	at org.springframework.transaction.interceptor.TransactionInterceptor$1.proceedWithInvocation(TransactionInterceptor.java:123) ~[spring-tx-5.3.22.jar:5.3.22]
	at org.springframework.transaction.interceptor.TransactionAspectSupport.invokeWithinTransaction(TransactionAspectSupport.java:388) ~[spring-tx-5.3.22.jar:5.3.22]
	at org.springframework.transaction.interceptor.TransactionInterceptor.invoke(TransactionInterceptor.java:119) ~[spring-tx-5.3.22.jar:5.3.22]
	at org.springframework.aop.framework.ReflectiveMethodInvocation.proceed(ReflectiveMethodInvocation.java:186) ~[spring-aop-5.3.22.jar:5.3.22]
	at org.springframework.aop.framework.CglibAopProxy$CglibMethodInvocation.proceed(CglibAopProxy.java:763) ~[spring-aop-5.3.22.jar:5.3.22]
	at org.springframework.aop.framework.CglibAopProxy$DynamicAdvisedInterceptor.intercept(CglibAopProxy.java:708) ~[spring-aop-5.3.22.jar:5.3.22]
	at uce.edu.prueba2_pa.repository.CitaMedicaRepoImpl$$EnhancerBySpringCGLIB$$454c79fb.buscarTo(<generated>) ~[classes/:?]
	at uce.edu.prueba2_pa.service.CitaMedicaServiceImpl.buscarTo(CitaMedicaServiceImpl.java:59) ~[classes/:?]
	at uce.edu.prueba2_pa.service.GestorServiceImpl.generarReporteCita(GestorServiceImpl.java:68) ~[classes/:?]
	at uce.edu.prueba2_pa.Prueba2PaApplication.run(Prueba2PaApplication.java:72) ~[classes/:?]
	at org.springframework.boot.SpringApplication.callRunner(SpringApplication.java:771) ~[spring-boot-2.7.2.jar:2.7.2]
	at org.springframework.boot.SpringApplication.callRunners(SpringApplication.java:755) ~[spring-boot-2.7.2.jar:2.7.2]
	at org.springframework.boot.SpringApplication.run(SpringApplication.java:315) ~[spring-boot-2.7.2.jar:2.7.2]
	at org.springframework.boot.SpringApplication.run(SpringApplication.java:1306) ~[spring-boot-2.7.2.jar:2.7.2]
	at org.springframework.boot.SpringApplication.run(SpringApplication.java:1295) ~[spring-boot-2.7.2.jar:2.7.2]
	at uce.edu.prueba2_pa.Prueba2PaApplication.main(Prueba2PaApplication.java:30) ~[classes/:?]
	at jdk.internal.reflect.NativeMethodAccessorImpl.invoke0(Native Method) ~[?:?]
	at jdk.internal.reflect.NativeMethodAccessorImpl.invoke(Unknown Source) ~[?:?]
	at jdk.internal.reflect.DelegatingMethodAccessorImpl.invoke(Unknown Source) ~[?:?]
	at java.lang.reflect.Method.invoke(Unknown Source) ~[?:?]
	at org.springframework.boot.devtools.restart.RestartLauncher.run(RestartLauncher.java:49) ~[spring-boot-devtools-2.7.2.jar:2.7.2]
19:43:07.364 [restartedMain] ERROR org.hibernate.hql.internal.ast.ErrorTracker -  Invalid path: 'p.valorCita'
19:43:07.366 [restartedMain] ERROR org.hibernate.hql.internal.ast.ErrorTracker -  Invalid path: 'p.valorCita'
org.hibernate.hql.internal.ast.InvalidPathException: Invalid path: 'p.valorCita'
	at org.hibernate.hql.internal.ast.util.LiteralProcessor.lookupConstant(LiteralProcessor.java:111) ~[hibernate-core-5.6.10.Final.jar:5.6.10.Final]
	at org.hibernate.hql.internal.ast.tree.DotNode.resolve(DotNode.java:218) ~[hibernate-core-5.6.10.Final.jar:5.6.10.Final]
	at org.hibernate.hql.internal.ast.tree.FromReferenceNode.resolve(FromReferenceNode.java:114) ~[hibernate-core-5.6.10.Final.jar:5.6.10.Final]
	at org.hibernate.hql.internal.ast.tree.FromReferenceNode.resolve(FromReferenceNode.java:109) ~[hibernate-core-5.6.10.Final.jar:5.6.10.Final]
	at org.hibernate.hql.internal.ast.tree.FromReferenceNode.resolve(FromReferenceNode.java:104) ~[hibernate-core-5.6.10.Final.jar:5.6.10.Final]
	at org.hibernate.hql.internal.ast.tree.DotNode.resolveSelectExpression(DotNode.java:798) ~[hibernate-core-5.6.10.Final.jar:5.6.10.Final]
	at org.hibernate.hql.internal.ast.HqlSqlWalker.resolveSelectExpression(HqlSqlWalker.java:1078) ~[hibernate-core-5.6.10.Final.jar:5.6.10.Final]
	at org.hibernate.hql.internal.antlr.HqlSqlBaseWalker.selectExpr(HqlSqlBaseWalker.java:2338) ~[hibernate-core-5.6.10.Final.jar:5.6.10.Final]
	at org.hibernate.hql.internal.antlr.HqlSqlBaseWalker.constructor(HqlSqlBaseWalker.java:2698) ~[hibernate-core-5.6.10.Final.jar:5.6.10.Final]
	at org.hibernate.hql.internal.antlr.HqlSqlBaseWalker.selectExpr(HqlSqlBaseWalker.java:2405) ~[hibernate-core-5.6.10.Final.jar:5.6.10.Final]
	at org.hibernate.hql.internal.antlr.HqlSqlBaseWalker.selectExprList(HqlSqlBaseWalker.java:2275) ~[hibernate-core-5.6.10.Final.jar:5.6.10.Final]
	at org.hibernate.hql.internal.antlr.HqlSqlBaseWalker.selectClause(HqlSqlBaseWalker.java:1534) ~[hibernate-core-5.6.10.Final.jar:5.6.10.Final]
	at org.hibernate.hql.internal.antlr.HqlSqlBaseWalker.query(HqlSqlBaseWalker.java:611) ~[hibernate-core-5.6.10.Final.jar:5.6.10.Final]
	at org.hibernate.hql.internal.antlr.HqlSqlBaseWalker.selectStatement(HqlSqlBaseWalker.java:339) ~[hibernate-core-5.6.10.Final.jar:5.6.10.Final]
	at org.hibernate.hql.internal.antlr.HqlSqlBaseWalker.statement(HqlSqlBaseWalker.java:287) ~[hibernate-core-5.6.10.Final.jar:5.6.10.Final]
	at org.hibernate.hql.internal.ast.QueryTranslatorImpl.analyze(QueryTranslatorImpl.java:276) ~[hibernate-core-5.6.10.Final.jar:5.6.10.Final]
	at org.hibernate.hql.internal.ast.QueryTranslatorImpl.doCompile(QueryTranslatorImpl.java:192) ~[hibernate-core-5.6.10.Final.jar:5.6.10.Final]
	at org.hibernate.hql.internal.ast.QueryTranslatorImpl.compile(QueryTranslatorImpl.java:144) ~[hibernate-core-5.6.10.Final.jar:5.6.10.Final]
	at org.hibernate.engine.query.spi.HQLQueryPlan.<init>(HQLQueryPlan.java:113) ~[hibernate-core-5.6.10.Final.jar:5.6.10.Final]
	at org.hibernate.engine.query.spi.HQLQueryPlan.<init>(HQLQueryPlan.java:73) ~[hibernate-core-5.6.10.Final.jar:5.6.10.Final]
	at org.hibernate.engine.query.spi.QueryPlanCache.getHQLQueryPlan(QueryPlanCache.java:162) ~[hibernate-core-5.6.10.Final.jar:5.6.10.Final]
	at org.hibernate.internal.AbstractSharedSessionContract.getQueryPlan(AbstractSharedSessionContract.java:636) ~[hibernate-core-5.6.10.Final.jar:5.6.10.Final]
	at org.hibernate.internal.AbstractSharedSessionContract.createQuery(AbstractSharedSessionContract.java:748) ~[hibernate-core-5.6.10.Final.jar:5.6.10.Final]
	at org.hibernate.internal.AbstractSharedSessionContract.createQuery(AbstractSharedSessionContract.java:848) ~[hibernate-core-5.6.10.Final.jar:5.6.10.Final]
	at org.hibernate.internal.AbstractSharedSessionContract.createQuery(AbstractSharedSessionContract.java:114) ~[hibernate-core-5.6.10.Final.jar:5.6.10.Final]
	at jdk.internal.reflect.NativeMethodAccessorImpl.invoke0(Native Method) ~[?:?]
	at jdk.internal.reflect.NativeMethodAccessorImpl.invoke(Unknown Source) ~[?:?]
	at jdk.internal.reflect.DelegatingMethodAccessorImpl.invoke(Unknown Source) ~[?:?]
	at java.lang.reflect.Method.invoke(Unknown Source) ~[?:?]
	at org.springframework.orm.jpa.SharedEntityManagerCreator$SharedEntityManagerInvocationHandler.invoke(SharedEntityManagerCreator.java:311) ~[spring-orm-5.3.22.jar:5.3.22]
	at jdk.proxy4.$Proxy101.createQuery(Unknown Source) ~[?:?]
	at uce.edu.prueba2_pa.repository.CitaMedicaRepoImpl.buscarTo(CitaMedicaRepoImpl.java:65) ~[classes/:?]
	at uce.edu.prueba2_pa.repository.CitaMedicaRepoImpl$$FastClassBySpringCGLIB$$fc4c3b74.invoke(<generated>) ~[classes/:?]
	at org.springframework.cglib.proxy.MethodProxy.invoke(MethodProxy.java:218) ~[spring-core-5.3.22.jar:5.3.22]
	at org.springframework.aop.framework.CglibAopProxy$CglibMethodInvocation.invokeJoinpoint(CglibAopProxy.java:793) ~[spring-aop-5.3.22.jar:5.3.22]
	at org.springframework.aop.framework.ReflectiveMethodInvocation.proceed(ReflectiveMethodInvocation.java:163) ~[spring-aop-5.3.22.jar:5.3.22]
	at org.springframework.aop.framework.CglibAopProxy$CglibMethodInvocation.proceed(CglibAopProxy.java:763) ~[spring-aop-5.3.22.jar:5.3.22]
	at org.springframework.dao.support.PersistenceExceptionTranslationInterceptor.invoke(PersistenceExceptionTranslationInterceptor.java:137) ~[spring-tx-5.3.22.jar:5.3.22]
	at org.springframework.aop.framework.ReflectiveMethodInvocation.proceed(ReflectiveMethodInvocation.java:186) ~[spring-aop-5.3.22.jar:5.3.22]
	at org.springframework.aop.framework.CglibAopProxy$CglibMethodInvocation.proceed(CglibAopProxy.java:763) ~[spring-aop-5.3.22.jar:5.3.22]
	at org.springframework.transaction.interceptor.TransactionInterceptor$1.proceedWithInvocation(TransactionInterceptor.java:123) ~[spring-tx-5.3.22.jar:5.3.22]
	at org.springframework.transaction.interceptor.TransactionAspectSupport.invokeWithinTransaction(TransactionAspectSupport.java:388) ~[spring-tx-5.3.22.jar:5.3.22]
	at org.springframework.transaction.interceptor.TransactionInterceptor.invoke(TransactionInterceptor.java:119) ~[spring-tx-5.3.22.jar:5.3.22]
	at org.springframework.aop.framework.ReflectiveMethodInvocation.proceed(ReflectiveMethodInvocation.java:186) ~[spring-aop-5.3.22.jar:5.3.22]
	at org.springframework.aop.framework.CglibAopProxy$CglibMethodInvocation.proceed(CglibAopProxy.java:763) ~[spring-aop-5.3.22.jar:5.3.22]
	at org.springframework.aop.framework.CglibAopProxy$DynamicAdvisedInterceptor.intercept(CglibAopProxy.java:708) ~[spring-aop-5.3.22.jar:5.3.22]
	at uce.edu.prueba2_pa.repository.CitaMedicaRepoImpl$$EnhancerBySpringCGLIB$$454c79fb.buscarTo(<generated>) ~[classes/:?]
	at uce.edu.prueba2_pa.service.CitaMedicaServiceImpl.buscarTo(CitaMedicaServiceImpl.java:59) ~[classes/:?]
	at uce.edu.prueba2_pa.service.GestorServiceImpl.generarReporteCita(GestorServiceImpl.java:68) ~[classes/:?]
	at uce.edu.prueba2_pa.Prueba2PaApplication.run(Prueba2PaApplication.java:72) ~[classes/:?]
	at org.springframework.boot.SpringApplication.callRunner(SpringApplication.java:771) ~[spring-boot-2.7.2.jar:2.7.2]
	at org.springframework.boot.SpringApplication.callRunners(SpringApplication.java:755) ~[spring-boot-2.7.2.jar:2.7.2]
	at org.springframework.boot.SpringApplication.run(SpringApplication.java:315) ~[spring-boot-2.7.2.jar:2.7.2]
	at org.springframework.boot.SpringApplication.run(SpringApplication.java:1306) ~[spring-boot-2.7.2.jar:2.7.2]
	at org.springframework.boot.SpringApplication.run(SpringApplication.java:1295) ~[spring-boot-2.7.2.jar:2.7.2]
	at uce.edu.prueba2_pa.Prueba2PaApplication.main(Prueba2PaApplication.java:30) ~[classes/:?]
	at jdk.internal.reflect.NativeMethodAccessorImpl.invoke0(Native Method) ~[?:?]
	at jdk.internal.reflect.NativeMethodAccessorImpl.invoke(Unknown Source) ~[?:?]
	at jdk.internal.reflect.DelegatingMethodAccessorImpl.invoke(Unknown Source) ~[?:?]
	at java.lang.reflect.Method.invoke(Unknown Source) ~[?:?]
	at org.springframework.boot.devtools.restart.RestartLauncher.run(RestartLauncher.java:49) ~[spring-boot-devtools-2.7.2.jar:2.7.2]
19:43:07.428 [restartedMain] INFO  org.springframework.boot.autoconfigure.logging.ConditionEvaluationReportLoggingListener - 

Error starting ApplicationContext. To display the conditions report re-run your application with 'debug' enabled.
19:43:07.505 [restartedMain] ERROR org.springframework.boot.SpringApplication - Application run failed
java.lang.IllegalStateException: Failed to execute CommandLineRunner
	at org.springframework.boot.SpringApplication.callRunner(SpringApplication.java:774) ~[spring-boot-2.7.2.jar:2.7.2]
	at org.springframework.boot.SpringApplication.callRunners(SpringApplication.java:755) ~[spring-boot-2.7.2.jar:2.7.2]
	at org.springframework.boot.SpringApplication.run(SpringApplication.java:315) ~[spring-boot-2.7.2.jar:2.7.2]
	at org.springframework.boot.SpringApplication.run(SpringApplication.java:1306) ~[spring-boot-2.7.2.jar:2.7.2]
	at org.springframework.boot.SpringApplication.run(SpringApplication.java:1295) ~[spring-boot-2.7.2.jar:2.7.2]
	at uce.edu.prueba2_pa.Prueba2PaApplication.main(Prueba2PaApplication.java:30) ~[classes/:?]
	at jdk.internal.reflect.NativeMethodAccessorImpl.invoke0(Native Method) ~[?:?]
	at jdk.internal.reflect.NativeMethodAccessorImpl.invoke(Unknown Source) ~[?:?]
	at jdk.internal.reflect.DelegatingMethodAccessorImpl.invoke(Unknown Source) ~[?:?]
	at java.lang.reflect.Method.invoke(Unknown Source) ~[?:?]
	at org.springframework.boot.devtools.restart.RestartLauncher.run(RestartLauncher.java:49) ~[spring-boot-devtools-2.7.2.jar:2.7.2]
Caused by: org.springframework.dao.InvalidDataAccessApiUsageException: org.hibernate.QueryException: could not resolve property: costo of: uce.edu.prueba2_pa.repository.modelo.CitaMedica [SELECT NEW uce.edu.prueba2_pa.repository.modelo.ReporteCita(p.numero, p.fechaCita, p.valorCita, p.fechaControl) FROM uce.edu.prueba2_pa.repository.modelo.CitaMedica c WHERE c.fechaCita >= :datoFecha AND c.costo >= :datoCosto]; nested exception is java.lang.IllegalArgumentException: org.hibernate.QueryException: could not resolve property: costo of: uce.edu.prueba2_pa.repository.modelo.CitaMedica [SELECT NEW uce.edu.prueba2_pa.repository.modelo.ReporteCita(p.numero, p.fechaCita, p.valorCita, p.fechaControl) FROM uce.edu.prueba2_pa.repository.modelo.CitaMedica c WHERE c.fechaCita >= :datoFecha AND c.costo >= :datoCosto]
	at org.springframework.orm.jpa.EntityManagerFactoryUtils.convertJpaAccessExceptionIfPossible(EntityManagerFactoryUtils.java:374) ~[spring-orm-5.3.22.jar:5.3.22]
	at org.springframework.orm.jpa.vendor.HibernateJpaDialect.translateExceptionIfPossible(HibernateJpaDialect.java:235) ~[spring-orm-5.3.22.jar:5.3.22]
	at org.springframework.orm.jpa.AbstractEntityManagerFactoryBean.translateExceptionIfPossible(AbstractEntityManagerFactoryBean.java:551) ~[spring-orm-5.3.22.jar:5.3.22]
	at org.springframework.dao.support.ChainedPersistenceExceptionTranslator.translateExceptionIfPossible(ChainedPersistenceExceptionTranslator.java:61) ~[spring-tx-5.3.22.jar:5.3.22]
	at org.springframework.dao.support.DataAccessUtils.translateIfNecessary(DataAccessUtils.java:242) ~[spring-tx-5.3.22.jar:5.3.22]
	at org.springframework.dao.support.PersistenceExceptionTranslationInterceptor.invoke(PersistenceExceptionTranslationInterceptor.java:152) ~[spring-tx-5.3.22.jar:5.3.22]
	at org.springframework.aop.framework.ReflectiveMethodInvocation.proceed(ReflectiveMethodInvocation.java:186) ~[spring-aop-5.3.22.jar:5.3.22]
	at org.springframework.aop.framework.CglibAopProxy$CglibMethodInvocation.proceed(CglibAopProxy.java:763) ~[spring-aop-5.3.22.jar:5.3.22]
	at org.springframework.transaction.interceptor.TransactionInterceptor$1.proceedWithInvocation(TransactionInterceptor.java:123) ~[spring-tx-5.3.22.jar:5.3.22]
	at org.springframework.transaction.interceptor.TransactionAspectSupport.invokeWithinTransaction(TransactionAspectSupport.java:388) ~[spring-tx-5.3.22.jar:5.3.22]
	at org.springframework.transaction.interceptor.TransactionInterceptor.invoke(TransactionInterceptor.java:119) ~[spring-tx-5.3.22.jar:5.3.22]
	at org.springframework.aop.framework.ReflectiveMethodInvocation.proceed(ReflectiveMethodInvocation.java:186) ~[spring-aop-5.3.22.jar:5.3.22]
	at org.springframework.aop.framework.CglibAopProxy$CglibMethodInvocation.proceed(CglibAopProxy.java:763) ~[spring-aop-5.3.22.jar:5.3.22]
	at org.springframework.aop.framework.CglibAopProxy$DynamicAdvisedInterceptor.intercept(CglibAopProxy.java:708) ~[spring-aop-5.3.22.jar:5.3.22]
	at uce.edu.prueba2_pa.repository.CitaMedicaRepoImpl$$EnhancerBySpringCGLIB$$454c79fb.buscarTo(<generated>) ~[classes/:?]
	at uce.edu.prueba2_pa.service.CitaMedicaServiceImpl.buscarTo(CitaMedicaServiceImpl.java:59) ~[classes/:?]
	at uce.edu.prueba2_pa.service.GestorServiceImpl.generarReporteCita(GestorServiceImpl.java:68) ~[classes/:?]
	at uce.edu.prueba2_pa.Prueba2PaApplication.run(Prueba2PaApplication.java:72) ~[classes/:?]
	at org.springframework.boot.SpringApplication.callRunner(SpringApplication.java:771) ~[spring-boot-2.7.2.jar:2.7.2]
	... 10 more
Caused by: java.lang.IllegalArgumentException: org.hibernate.QueryException: could not resolve property: costo of: uce.edu.prueba2_pa.repository.modelo.CitaMedica [SELECT NEW uce.edu.prueba2_pa.repository.modelo.ReporteCita(p.numero, p.fechaCita, p.valorCita, p.fechaControl) FROM uce.edu.prueba2_pa.repository.modelo.CitaMedica c WHERE c.fechaCita >= :datoFecha AND c.costo >= :datoCosto]
	at org.hibernate.internal.ExceptionConverterImpl.convert(ExceptionConverterImpl.java:138) ~[hibernate-core-5.6.10.Final.jar:5.6.10.Final]
	at org.hibernate.internal.ExceptionConverterImpl.convert(ExceptionConverterImpl.java:181) ~[hibernate-core-5.6.10.Final.jar:5.6.10.Final]
	at org.hibernate.internal.ExceptionConverterImpl.convert(ExceptionConverterImpl.java:188) ~[hibernate-core-5.6.10.Final.jar:5.6.10.Final]
	at org.hibernate.internal.AbstractSharedSessionContract.createQuery(AbstractSharedSessionContract.java:757) ~[hibernate-core-5.6.10.Final.jar:5.6.10.Final]
	at org.hibernate.internal.AbstractSharedSessionContract.createQuery(AbstractSharedSessionContract.java:848) ~[hibernate-core-5.6.10.Final.jar:5.6.10.Final]
	at org.hibernate.internal.AbstractSharedSessionContract.createQuery(AbstractSharedSessionContract.java:114) ~[hibernate-core-5.6.10.Final.jar:5.6.10.Final]
	at jdk.internal.reflect.NativeMethodAccessorImpl.invoke0(Native Method) ~[?:?]
	at jdk.internal.reflect.NativeMethodAccessorImpl.invoke(Unknown Source) ~[?:?]
	at jdk.internal.reflect.DelegatingMethodAccessorImpl.invoke(Unknown Source) ~[?:?]
	at java.lang.reflect.Method.invoke(Unknown Source) ~[?:?]
	at org.springframework.orm.jpa.SharedEntityManagerCreator$SharedEntityManagerInvocationHandler.invoke(SharedEntityManagerCreator.java:311) ~[spring-orm-5.3.22.jar:5.3.22]
	at jdk.proxy4.$Proxy101.createQuery(Unknown Source) ~[?:?]
	at uce.edu.prueba2_pa.repository.CitaMedicaRepoImpl.buscarTo(CitaMedicaRepoImpl.java:65) ~[classes/:?]
	at uce.edu.prueba2_pa.repository.CitaMedicaRepoImpl$$FastClassBySpringCGLIB$$fc4c3b74.invoke(<generated>) ~[classes/:?]
	at org.springframework.cglib.proxy.MethodProxy.invoke(MethodProxy.java:218) ~[spring-core-5.3.22.jar:5.3.22]
	at org.springframework.aop.framework.CglibAopProxy$CglibMethodInvocation.invokeJoinpoint(CglibAopProxy.java:793) ~[spring-aop-5.3.22.jar:5.3.22]
	at org.springframework.aop.framework.ReflectiveMethodInvocation.proceed(ReflectiveMethodInvocation.java:163) ~[spring-aop-5.3.22.jar:5.3.22]
	at org.springframework.aop.framework.CglibAopProxy$CglibMethodInvocation.proceed(CglibAopProxy.java:763) ~[spring-aop-5.3.22.jar:5.3.22]
	at org.springframework.dao.support.PersistenceExceptionTranslationInterceptor.invoke(PersistenceExceptionTranslationInterceptor.java:137) ~[spring-tx-5.3.22.jar:5.3.22]
	at org.springframework.aop.framework.ReflectiveMethodInvocation.proceed(ReflectiveMethodInvocation.java:186) ~[spring-aop-5.3.22.jar:5.3.22]
	at org.springframework.aop.framework.CglibAopProxy$CglibMethodInvocation.proceed(CglibAopProxy.java:763) ~[spring-aop-5.3.22.jar:5.3.22]
	at org.springframework.transaction.interceptor.TransactionInterceptor$1.proceedWithInvocation(TransactionInterceptor.java:123) ~[spring-tx-5.3.22.jar:5.3.22]
	at org.springframework.transaction.interceptor.TransactionAspectSupport.invokeWithinTransaction(TransactionAspectSupport.java:388) ~[spring-tx-5.3.22.jar:5.3.22]
	at org.springframework.transaction.interceptor.TransactionInterceptor.invoke(TransactionInterceptor.java:119) ~[spring-tx-5.3.22.jar:5.3.22]
	at org.springframework.aop.framework.ReflectiveMethodInvocation.proceed(ReflectiveMethodInvocation.java:186) ~[spring-aop-5.3.22.jar:5.3.22]
	at org.springframework.aop.framework.CglibAopProxy$CglibMethodInvocation.proceed(CglibAopProxy.java:763) ~[spring-aop-5.3.22.jar:5.3.22]
	at org.springframework.aop.framework.CglibAopProxy$DynamicAdvisedInterceptor.intercept(CglibAopProxy.java:708) ~[spring-aop-5.3.22.jar:5.3.22]
	at uce.edu.prueba2_pa.repository.CitaMedicaRepoImpl$$EnhancerBySpringCGLIB$$454c79fb.buscarTo(<generated>) ~[classes/:?]
	at uce.edu.prueba2_pa.service.CitaMedicaServiceImpl.buscarTo(CitaMedicaServiceImpl.java:59) ~[classes/:?]
	at uce.edu.prueba2_pa.service.GestorServiceImpl.generarReporteCita(GestorServiceImpl.java:68) ~[classes/:?]
	at uce.edu.prueba2_pa.Prueba2PaApplication.run(Prueba2PaApplication.java:72) ~[classes/:?]
	at org.springframework.boot.SpringApplication.callRunner(SpringApplication.java:771) ~[spring-boot-2.7.2.jar:2.7.2]
	... 10 more
Caused by: org.hibernate.QueryException: could not resolve property: costo of: uce.edu.prueba2_pa.repository.modelo.CitaMedica [SELECT NEW uce.edu.prueba2_pa.repository.modelo.ReporteCita(p.numero, p.fechaCita, p.valorCita, p.fechaControl) FROM uce.edu.prueba2_pa.repository.modelo.CitaMedica c WHERE c.fechaCita >= :datoFecha AND c.costo >= :datoCosto]
	at org.hibernate.QueryException.generateQueryException(QueryException.java:120) ~[hibernate-core-5.6.10.Final.jar:5.6.10.Final]
	at org.hibernate.QueryException.wrapWithQueryString(QueryException.java:103) ~[hibernate-core-5.6.10.Final.jar:5.6.10.Final]
	at org.hibernate.hql.internal.ast.QueryTranslatorImpl.doCompile(QueryTranslatorImpl.java:220) ~[hibernate-core-5.6.10.Final.jar:5.6.10.Final]
	at org.hibernate.hql.internal.ast.QueryTranslatorImpl.compile(QueryTranslatorImpl.java:144) ~[hibernate-core-5.6.10.Final.jar:5.6.10.Final]
	at org.hibernate.engine.query.spi.HQLQueryPlan.<init>(HQLQueryPlan.java:113) ~[hibernate-core-5.6.10.Final.jar:5.6.10.Final]
	at org.hibernate.engine.query.spi.HQLQueryPlan.<init>(HQLQueryPlan.java:73) ~[hibernate-core-5.6.10.Final.jar:5.6.10.Final]
	at org.hibernate.engine.query.spi.QueryPlanCache.getHQLQueryPlan(QueryPlanCache.java:162) ~[hibernate-core-5.6.10.Final.jar:5.6.10.Final]
	at org.hibernate.internal.AbstractSharedSessionContract.getQueryPlan(AbstractSharedSessionContract.java:636) ~[hibernate-core-5.6.10.Final.jar:5.6.10.Final]
	at org.hibernate.internal.AbstractSharedSessionContract.createQuery(AbstractSharedSessionContract.java:748) ~[hibernate-core-5.6.10.Final.jar:5.6.10.Final]
	at org.hibernate.internal.AbstractSharedSessionContract.createQuery(AbstractSharedSessionContract.java:848) ~[hibernate-core-5.6.10.Final.jar:5.6.10.Final]
	at org.hibernate.internal.AbstractSharedSessionContract.createQuery(AbstractSharedSessionContract.java:114) ~[hibernate-core-5.6.10.Final.jar:5.6.10.Final]
	at jdk.internal.reflect.NativeMethodAccessorImpl.invoke0(Native Method) ~[?:?]
	at jdk.internal.reflect.NativeMethodAccessorImpl.invoke(Unknown Source) ~[?:?]
	at jdk.internal.reflect.DelegatingMethodAccessorImpl.invoke(Unknown Source) ~[?:?]
	at java.lang.reflect.Method.invoke(Unknown Source) ~[?:?]
	at org.springframework.orm.jpa.SharedEntityManagerCreator$SharedEntityManagerInvocationHandler.invoke(SharedEntityManagerCreator.java:311) ~[spring-orm-5.3.22.jar:5.3.22]
	at jdk.proxy4.$Proxy101.createQuery(Unknown Source) ~[?:?]
	at uce.edu.prueba2_pa.repository.CitaMedicaRepoImpl.buscarTo(CitaMedicaRepoImpl.java:65) ~[classes/:?]
	at uce.edu.prueba2_pa.repository.CitaMedicaRepoImpl$$FastClassBySpringCGLIB$$fc4c3b74.invoke(<generated>) ~[classes/:?]
	at org.springframework.cglib.proxy.MethodProxy.invoke(MethodProxy.java:218) ~[spring-core-5.3.22.jar:5.3.22]
	at org.springframework.aop.framework.CglibAopProxy$CglibMethodInvocation.invokeJoinpoint(CglibAopProxy.java:793) ~[spring-aop-5.3.22.jar:5.3.22]
	at org.springframework.aop.framework.ReflectiveMethodInvocation.proceed(ReflectiveMethodInvocation.java:163) ~[spring-aop-5.3.22.jar:5.3.22]
	at org.springframework.aop.framework.CglibAopProxy$CglibMethodInvocation.proceed(CglibAopProxy.java:763) ~[spring-aop-5.3.22.jar:5.3.22]
	at org.springframework.dao.support.PersistenceExceptionTranslationInterceptor.invoke(PersistenceExceptionTranslationInterceptor.java:137) ~[spring-tx-5.3.22.jar:5.3.22]
	at org.springframework.aop.framework.ReflectiveMethodInvocation.proceed(ReflectiveMethodInvocation.java:186) ~[spring-aop-5.3.22.jar:5.3.22]
	at org.springframework.aop.framework.CglibAopProxy$CglibMethodInvocation.proceed(CglibAopProxy.java:763) ~[spring-aop-5.3.22.jar:5.3.22]
	at org.springframework.transaction.interceptor.TransactionInterceptor$1.proceedWithInvocation(TransactionInterceptor.java:123) ~[spring-tx-5.3.22.jar:5.3.22]
	at org.springframework.transaction.interceptor.TransactionAspectSupport.invokeWithinTransaction(TransactionAspectSupport.java:388) ~[spring-tx-5.3.22.jar:5.3.22]
	at org.springframework.transaction.interceptor.TransactionInterceptor.invoke(TransactionInterceptor.java:119) ~[spring-tx-5.3.22.jar:5.3.22]
	at org.springframework.aop.framework.ReflectiveMethodInvocation.proceed(ReflectiveMethodInvocation.java:186) ~[spring-aop-5.3.22.jar:5.3.22]
	at org.springframework.aop.framework.CglibAopProxy$CglibMethodInvocation.proceed(CglibAopProxy.java:763) ~[spring-aop-5.3.22.jar:5.3.22]
	at org.springframework.aop.framework.CglibAopProxy$DynamicAdvisedInterceptor.intercept(CglibAopProxy.java:708) ~[spring-aop-5.3.22.jar:5.3.22]
	at uce.edu.prueba2_pa.repository.CitaMedicaRepoImpl$$EnhancerBySpringCGLIB$$454c79fb.buscarTo(<generated>) ~[classes/:?]
	at uce.edu.prueba2_pa.service.CitaMedicaServiceImpl.buscarTo(CitaMedicaServiceImpl.java:59) ~[classes/:?]
	at uce.edu.prueba2_pa.service.GestorServiceImpl.generarReporteCita(GestorServiceImpl.java:68) ~[classes/:?]
	at uce.edu.prueba2_pa.Prueba2PaApplication.run(Prueba2PaApplication.java:72) ~[classes/:?]
	at org.springframework.boot.SpringApplication.callRunner(SpringApplication.java:771) ~[spring-boot-2.7.2.jar:2.7.2]
	... 10 more
Caused by: org.hibernate.QueryException: could not resolve property: costo of: uce.edu.prueba2_pa.repository.modelo.CitaMedica
	at org.hibernate.persister.entity.AbstractPropertyMapping.propertyException(AbstractPropertyMapping.java:78) ~[hibernate-core-5.6.10.Final.jar:5.6.10.Final]
	at org.hibernate.persister.entity.AbstractPropertyMapping.toType(AbstractPropertyMapping.java:72) ~[hibernate-core-5.6.10.Final.jar:5.6.10.Final]
	at org.hibernate.persister.entity.AbstractEntityPersister.toType(AbstractEntityPersister.java:2053) ~[hibernate-core-5.6.10.Final.jar:5.6.10.Final]
	at org.hibernate.hql.internal.ast.tree.FromElementType.getPropertyType(FromElementType.java:412) ~[hibernate-core-5.6.10.Final.jar:5.6.10.Final]
	at org.hibernate.hql.internal.ast.tree.FromElement.getPropertyType(FromElement.java:524) ~[hibernate-core-5.6.10.Final.jar:5.6.10.Final]
	at org.hibernate.hql.internal.ast.tree.DotNode.getDataType(DotNode.java:723) ~[hibernate-core-5.6.10.Final.jar:5.6.10.Final]
	at org.hibernate.hql.internal.ast.tree.DotNode.prepareLhs(DotNode.java:268) ~[hibernate-core-5.6.10.Final.jar:5.6.10.Final]
	at org.hibernate.hql.internal.ast.tree.DotNode.resolve(DotNode.java:208) ~[hibernate-core-5.6.10.Final.jar:5.6.10.Final]
	at org.hibernate.hql.internal.ast.HqlSqlWalker.resolve(HqlSqlWalker.java:1066) ~[hibernate-core-5.6.10.Final.jar:5.6.10.Final]
	at org.hibernate.hql.internal.antlr.HqlSqlBaseWalker.expr(HqlSqlBaseWalker.java:1319) ~[hibernate-core-5.6.10.Final.jar:5.6.10.Final]
	at org.hibernate.hql.internal.antlr.HqlSqlBaseWalker.exprOrSubquery(HqlSqlBaseWalker.java:4797) ~[hibernate-core-5.6.10.Final.jar:5.6.10.Final]
	at org.hibernate.hql.internal.antlr.HqlSqlBaseWalker.comparisonExpr(HqlSqlBaseWalker.java:4381) ~[hibernate-core-5.6.10.Final.jar:5.6.10.Final]
	at org.hibernate.hql.internal.antlr.HqlSqlBaseWalker.logicalExpr(HqlSqlBaseWalker.java:2180) ~[hibernate-core-5.6.10.Final.jar:5.6.10.Final]
	at org.hibernate.hql.internal.antlr.HqlSqlBaseWalker.logicalExpr(HqlSqlBaseWalker.java:2108) ~[hibernate-core-5.6.10.Final.jar:5.6.10.Final]
	at org.hibernate.hql.internal.antlr.HqlSqlBaseWalker.whereClause(HqlSqlBaseWalker.java:841) ~[hibernate-core-5.6.10.Final.jar:5.6.10.Final]
	at org.hibernate.hql.internal.antlr.HqlSqlBaseWalker.query(HqlSqlBaseWalker.java:635) ~[hibernate-core-5.6.10.Final.jar:5.6.10.Final]
	at org.hibernate.hql.internal.antlr.HqlSqlBaseWalker.selectStatement(HqlSqlBaseWalker.java:339) ~[hibernate-core-5.6.10.Final.jar:5.6.10.Final]
	at org.hibernate.hql.internal.antlr.HqlSqlBaseWalker.statement(HqlSqlBaseWalker.java:287) ~[hibernate-core-5.6.10.Final.jar:5.6.10.Final]
	at org.hibernate.hql.internal.ast.QueryTranslatorImpl.analyze(QueryTranslatorImpl.java:276) ~[hibernate-core-5.6.10.Final.jar:5.6.10.Final]
	at org.hibernate.hql.internal.ast.QueryTranslatorImpl.doCompile(QueryTranslatorImpl.java:192) ~[hibernate-core-5.6.10.Final.jar:5.6.10.Final]
	at org.hibernate.hql.internal.ast.QueryTranslatorImpl.compile(QueryTranslatorImpl.java:144) ~[hibernate-core-5.6.10.Final.jar:5.6.10.Final]
	at org.hibernate.engine.query.spi.HQLQueryPlan.<init>(HQLQueryPlan.java:113) ~[hibernate-core-5.6.10.Final.jar:5.6.10.Final]
	at org.hibernate.engine.query.spi.HQLQueryPlan.<init>(HQLQueryPlan.java:73) ~[hibernate-core-5.6.10.Final.jar:5.6.10.Final]
	at org.hibernate.engine.query.spi.QueryPlanCache.getHQLQueryPlan(QueryPlanCache.java:162) ~[hibernate-core-5.6.10.Final.jar:5.6.10.Final]
	at org.hibernate.internal.AbstractSharedSessionContract.getQueryPlan(AbstractSharedSessionContract.java:636) ~[hibernate-core-5.6.10.Final.jar:5.6.10.Final]
	at org.hibernate.internal.AbstractSharedSessionContract.createQuery(AbstractSharedSessionContract.java:748) ~[hibernate-core-5.6.10.Final.jar:5.6.10.Final]
	at org.hibernate.internal.AbstractSharedSessionContract.createQuery(AbstractSharedSessionContract.java:848) ~[hibernate-core-5.6.10.Final.jar:5.6.10.Final]
	at org.hibernate.internal.AbstractSharedSessionContract.createQuery(AbstractSharedSessionContract.java:114) ~[hibernate-core-5.6.10.Final.jar:5.6.10.Final]
	at jdk.internal.reflect.NativeMethodAccessorImpl.invoke0(Native Method) ~[?:?]
	at jdk.internal.reflect.NativeMethodAccessorImpl.invoke(Unknown Source) ~[?:?]
	at jdk.internal.reflect.DelegatingMethodAccessorImpl.invoke(Unknown Source) ~[?:?]
	at java.lang.reflect.Method.invoke(Unknown Source) ~[?:?]
	at org.springframework.orm.jpa.SharedEntityManagerCreator$SharedEntityManagerInvocationHandler.invoke(SharedEntityManagerCreator.java:311) ~[spring-orm-5.3.22.jar:5.3.22]
	at jdk.proxy4.$Proxy101.createQuery(Unknown Source) ~[?:?]
	at uce.edu.prueba2_pa.repository.CitaMedicaRepoImpl.buscarTo(CitaMedicaRepoImpl.java:65) ~[classes/:?]
	at uce.edu.prueba2_pa.repository.CitaMedicaRepoImpl$$FastClassBySpringCGLIB$$fc4c3b74.invoke(<generated>) ~[classes/:?]
	at org.springframework.cglib.proxy.MethodProxy.invoke(MethodProxy.java:218) ~[spring-core-5.3.22.jar:5.3.22]
	at org.springframework.aop.framework.CglibAopProxy$CglibMethodInvocation.invokeJoinpoint(CglibAopProxy.java:793) ~[spring-aop-5.3.22.jar:5.3.22]
	at org.springframework.aop.framework.ReflectiveMethodInvocation.proceed(ReflectiveMethodInvocation.java:163) ~[spring-aop-5.3.22.jar:5.3.22]
	at org.springframework.aop.framework.CglibAopProxy$CglibMethodInvocation.proceed(CglibAopProxy.java:763) ~[spring-aop-5.3.22.jar:5.3.22]
	at org.springframework.dao.support.PersistenceExceptionTranslationInterceptor.invoke(PersistenceExceptionTranslationInterceptor.java:137) ~[spring-tx-5.3.22.jar:5.3.22]
	at org.springframework.aop.framework.ReflectiveMethodInvocation.proceed(ReflectiveMethodInvocation.java:186) ~[spring-aop-5.3.22.jar:5.3.22]
	at org.springframework.aop.framework.CglibAopProxy$CglibMethodInvocation.proceed(CglibAopProxy.java:763) ~[spring-aop-5.3.22.jar:5.3.22]
	at org.springframework.transaction.interceptor.TransactionInterceptor$1.proceedWithInvocation(TransactionInterceptor.java:123) ~[spring-tx-5.3.22.jar:5.3.22]
	at org.springframework.transaction.interceptor.TransactionAspectSupport.invokeWithinTransaction(TransactionAspectSupport.java:388) ~[spring-tx-5.3.22.jar:5.3.22]
	at org.springframework.transaction.interceptor.TransactionInterceptor.invoke(TransactionInterceptor.java:119) ~[spring-tx-5.3.22.jar:5.3.22]
	at org.springframework.aop.framework.ReflectiveMethodInvocation.proceed(ReflectiveMethodInvocation.java:186) ~[spring-aop-5.3.22.jar:5.3.22]
	at org.springframework.aop.framework.CglibAopProxy$CglibMethodInvocation.proceed(CglibAopProxy.java:763) ~[spring-aop-5.3.22.jar:5.3.22]
	at org.springframework.aop.framework.CglibAopProxy$DynamicAdvisedInterceptor.intercept(CglibAopProxy.java:708) ~[spring-aop-5.3.22.jar:5.3.22]
	at uce.edu.prueba2_pa.repository.CitaMedicaRepoImpl$$EnhancerBySpringCGLIB$$454c79fb.buscarTo(<generated>) ~[classes/:?]
	at uce.edu.prueba2_pa.service.CitaMedicaServiceImpl.buscarTo(CitaMedicaServiceImpl.java:59) ~[classes/:?]
	at uce.edu.prueba2_pa.service.GestorServiceImpl.generarReporteCita(GestorServiceImpl.java:68) ~[classes/:?]
	at uce.edu.prueba2_pa.Prueba2PaApplication.run(Prueba2PaApplication.java:72) ~[classes/:?]
	at org.springframework.boot.SpringApplication.callRunner(SpringApplication.java:771) ~[spring-boot-2.7.2.jar:2.7.2]
	... 10 more
19:43:07.548 [restartedMain] INFO  org.springframework.orm.jpa.LocalContainerEntityManagerFactoryBean - Closing JPA EntityManagerFactory for persistence unit 'default'
19:43:50.045 [restartedMain] INFO  uce.edu.prueba2_pa.Prueba2PaApplication - Starting Prueba2PaApplication using Java 17.0.3 on DESKTOP-E9HB7V2 with PID 15872 (C:\Users\aldaz\Documents\paulo\Sexto_Septimo\PII\workspace\unidad_2\prueba2_pa\target\classes started by aldaz in C:\Users\aldaz\Documents\paulo\Sexto_Septimo\PII\workspace\unidad_2\prueba2_pa)
19:43:50.055 [restartedMain] INFO  uce.edu.prueba2_pa.Prueba2PaApplication - No active profile set, falling back to 1 default profile: "default"
19:43:50.208 [restartedMain] INFO  org.springframework.boot.devtools.env.DevToolsPropertyDefaultsPostProcessor - Devtools property defaults active! Set 'spring.devtools.add-properties' to 'false' to disable
19:43:51.395 [restartedMain] INFO  org.springframework.data.repository.config.RepositoryConfigurationDelegate - Bootstrapping Spring Data JPA repositories in DEFAULT mode.
19:43:51.439 [restartedMain] INFO  org.springframework.data.repository.config.RepositoryConfigurationDelegate - Finished Spring Data repository scanning in 22 ms. Found 0 JPA repository interfaces.
19:43:52.697 [restartedMain] INFO  org.hibernate.jpa.internal.util.LogHelper - HHH000204: Processing PersistenceUnitInfo [name: default]
19:43:52.867 [restartedMain] INFO  org.hibernate.Version - HHH000412: Hibernate ORM core version 5.6.10.Final
19:43:53.274 [restartedMain] INFO  org.hibernate.annotations.common.Version - HCANN000001: Hibernate Commons Annotations {5.1.2.Final}
19:43:54.096 [restartedMain] INFO  org.hibernate.dialect.Dialect - HHH000400: Using dialect: org.hibernate.dialect.PostgreSQLDialect
19:43:55.891 [restartedMain] INFO  org.hibernate.engine.transaction.jta.platform.internal.JtaPlatformInitiator - HHH000490: Using JtaPlatform implementation: [org.hibernate.engine.transaction.jta.platform.internal.NoJtaPlatform]
19:43:55.911 [restartedMain] INFO  org.springframework.orm.jpa.LocalContainerEntityManagerFactoryBean - Initialized JPA EntityManagerFactory for persistence unit 'default'
19:43:56.292 [restartedMain] INFO  org.springframework.boot.devtools.autoconfigure.OptionalLiveReloadServer - LiveReload server is running on port 35729
19:43:56.338 [restartedMain] INFO  uce.edu.prueba2_pa.Prueba2PaApplication - Started Prueba2PaApplication in 7.325 seconds (JVM running for 9.181)
19:43:56.609 [restartedMain] ERROR org.hibernate.hql.internal.ast.ErrorTracker -  Invalid path: 'p.numero'
19:43:56.610 [restartedMain] ERROR org.hibernate.hql.internal.ast.ErrorTracker -  Invalid path: 'p.numero'
org.hibernate.hql.internal.ast.InvalidPathException: Invalid path: 'p.numero'
	at org.hibernate.hql.internal.ast.util.LiteralProcessor.lookupConstant(LiteralProcessor.java:111) ~[hibernate-core-5.6.10.Final.jar:5.6.10.Final]
	at org.hibernate.hql.internal.ast.tree.DotNode.resolve(DotNode.java:218) ~[hibernate-core-5.6.10.Final.jar:5.6.10.Final]
	at org.hibernate.hql.internal.ast.tree.FromReferenceNode.resolve(FromReferenceNode.java:114) ~[hibernate-core-5.6.10.Final.jar:5.6.10.Final]
	at org.hibernate.hql.internal.ast.tree.FromReferenceNode.resolve(FromReferenceNode.java:109) ~[hibernate-core-5.6.10.Final.jar:5.6.10.Final]
	at org.hibernate.hql.internal.ast.tree.FromReferenceNode.resolve(FromReferenceNode.java:104) ~[hibernate-core-5.6.10.Final.jar:5.6.10.Final]
	at org.hibernate.hql.internal.ast.tree.DotNode.resolveSelectExpression(DotNode.java:798) ~[hibernate-core-5.6.10.Final.jar:5.6.10.Final]
	at org.hibernate.hql.internal.ast.HqlSqlWalker.resolveSelectExpression(HqlSqlWalker.java:1078) ~[hibernate-core-5.6.10.Final.jar:5.6.10.Final]
	at org.hibernate.hql.internal.antlr.HqlSqlBaseWalker.selectExpr(HqlSqlBaseWalker.java:2338) ~[hibernate-core-5.6.10.Final.jar:5.6.10.Final]
	at org.hibernate.hql.internal.antlr.HqlSqlBaseWalker.constructor(HqlSqlBaseWalker.java:2698) ~[hibernate-core-5.6.10.Final.jar:5.6.10.Final]
	at org.hibernate.hql.internal.antlr.HqlSqlBaseWalker.selectExpr(HqlSqlBaseWalker.java:2405) ~[hibernate-core-5.6.10.Final.jar:5.6.10.Final]
	at org.hibernate.hql.internal.antlr.HqlSqlBaseWalker.selectExprList(HqlSqlBaseWalker.java:2275) ~[hibernate-core-5.6.10.Final.jar:5.6.10.Final]
	at org.hibernate.hql.internal.antlr.HqlSqlBaseWalker.selectClause(HqlSqlBaseWalker.java:1534) ~[hibernate-core-5.6.10.Final.jar:5.6.10.Final]
	at org.hibernate.hql.internal.antlr.HqlSqlBaseWalker.query(HqlSqlBaseWalker.java:611) ~[hibernate-core-5.6.10.Final.jar:5.6.10.Final]
	at org.hibernate.hql.internal.antlr.HqlSqlBaseWalker.selectStatement(HqlSqlBaseWalker.java:339) ~[hibernate-core-5.6.10.Final.jar:5.6.10.Final]
	at org.hibernate.hql.internal.antlr.HqlSqlBaseWalker.statement(HqlSqlBaseWalker.java:287) ~[hibernate-core-5.6.10.Final.jar:5.6.10.Final]
	at org.hibernate.hql.internal.ast.QueryTranslatorImpl.analyze(QueryTranslatorImpl.java:276) ~[hibernate-core-5.6.10.Final.jar:5.6.10.Final]
	at org.hibernate.hql.internal.ast.QueryTranslatorImpl.doCompile(QueryTranslatorImpl.java:192) ~[hibernate-core-5.6.10.Final.jar:5.6.10.Final]
	at org.hibernate.hql.internal.ast.QueryTranslatorImpl.compile(QueryTranslatorImpl.java:144) ~[hibernate-core-5.6.10.Final.jar:5.6.10.Final]
	at org.hibernate.engine.query.spi.HQLQueryPlan.<init>(HQLQueryPlan.java:113) ~[hibernate-core-5.6.10.Final.jar:5.6.10.Final]
	at org.hibernate.engine.query.spi.HQLQueryPlan.<init>(HQLQueryPlan.java:73) ~[hibernate-core-5.6.10.Final.jar:5.6.10.Final]
	at org.hibernate.engine.query.spi.QueryPlanCache.getHQLQueryPlan(QueryPlanCache.java:162) ~[hibernate-core-5.6.10.Final.jar:5.6.10.Final]
	at org.hibernate.internal.AbstractSharedSessionContract.getQueryPlan(AbstractSharedSessionContract.java:636) ~[hibernate-core-5.6.10.Final.jar:5.6.10.Final]
	at org.hibernate.internal.AbstractSharedSessionContract.createQuery(AbstractSharedSessionContract.java:748) ~[hibernate-core-5.6.10.Final.jar:5.6.10.Final]
	at org.hibernate.internal.AbstractSharedSessionContract.createQuery(AbstractSharedSessionContract.java:848) ~[hibernate-core-5.6.10.Final.jar:5.6.10.Final]
	at org.hibernate.internal.AbstractSharedSessionContract.createQuery(AbstractSharedSessionContract.java:114) ~[hibernate-core-5.6.10.Final.jar:5.6.10.Final]
	at jdk.internal.reflect.NativeMethodAccessorImpl.invoke0(Native Method) ~[?:?]
	at jdk.internal.reflect.NativeMethodAccessorImpl.invoke(Unknown Source) ~[?:?]
	at jdk.internal.reflect.DelegatingMethodAccessorImpl.invoke(Unknown Source) ~[?:?]
	at java.lang.reflect.Method.invoke(Unknown Source) ~[?:?]
	at org.springframework.orm.jpa.SharedEntityManagerCreator$SharedEntityManagerInvocationHandler.invoke(SharedEntityManagerCreator.java:311) ~[spring-orm-5.3.22.jar:5.3.22]
	at jdk.proxy4.$Proxy101.createQuery(Unknown Source) ~[?:?]
	at uce.edu.prueba2_pa.repository.CitaMedicaRepoImpl.buscarTo(CitaMedicaRepoImpl.java:65) ~[classes/:?]
	at uce.edu.prueba2_pa.repository.CitaMedicaRepoImpl$$FastClassBySpringCGLIB$$fc4c3b74.invoke(<generated>) ~[classes/:?]
	at org.springframework.cglib.proxy.MethodProxy.invoke(MethodProxy.java:218) ~[spring-core-5.3.22.jar:5.3.22]
	at org.springframework.aop.framework.CglibAopProxy$CglibMethodInvocation.invokeJoinpoint(CglibAopProxy.java:793) ~[spring-aop-5.3.22.jar:5.3.22]
	at org.springframework.aop.framework.ReflectiveMethodInvocation.proceed(ReflectiveMethodInvocation.java:163) ~[spring-aop-5.3.22.jar:5.3.22]
	at org.springframework.aop.framework.CglibAopProxy$CglibMethodInvocation.proceed(CglibAopProxy.java:763) ~[spring-aop-5.3.22.jar:5.3.22]
	at org.springframework.dao.support.PersistenceExceptionTranslationInterceptor.invoke(PersistenceExceptionTranslationInterceptor.java:137) ~[spring-tx-5.3.22.jar:5.3.22]
	at org.springframework.aop.framework.ReflectiveMethodInvocation.proceed(ReflectiveMethodInvocation.java:186) ~[spring-aop-5.3.22.jar:5.3.22]
	at org.springframework.aop.framework.CglibAopProxy$CglibMethodInvocation.proceed(CglibAopProxy.java:763) ~[spring-aop-5.3.22.jar:5.3.22]
	at org.springframework.transaction.interceptor.TransactionInterceptor$1.proceedWithInvocation(TransactionInterceptor.java:123) ~[spring-tx-5.3.22.jar:5.3.22]
	at org.springframework.transaction.interceptor.TransactionAspectSupport.invokeWithinTransaction(TransactionAspectSupport.java:388) ~[spring-tx-5.3.22.jar:5.3.22]
	at org.springframework.transaction.interceptor.TransactionInterceptor.invoke(TransactionInterceptor.java:119) ~[spring-tx-5.3.22.jar:5.3.22]
	at org.springframework.aop.framework.ReflectiveMethodInvocation.proceed(ReflectiveMethodInvocation.java:186) ~[spring-aop-5.3.22.jar:5.3.22]
	at org.springframework.aop.framework.CglibAopProxy$CglibMethodInvocation.proceed(CglibAopProxy.java:763) ~[spring-aop-5.3.22.jar:5.3.22]
	at org.springframework.aop.framework.CglibAopProxy$DynamicAdvisedInterceptor.intercept(CglibAopProxy.java:708) ~[spring-aop-5.3.22.jar:5.3.22]
	at uce.edu.prueba2_pa.repository.CitaMedicaRepoImpl$$EnhancerBySpringCGLIB$$cdef993.buscarTo(<generated>) ~[classes/:?]
	at uce.edu.prueba2_pa.service.CitaMedicaServiceImpl.buscarTo(CitaMedicaServiceImpl.java:59) ~[classes/:?]
	at uce.edu.prueba2_pa.service.GestorServiceImpl.generarReporteCita(GestorServiceImpl.java:68) ~[classes/:?]
	at uce.edu.prueba2_pa.Prueba2PaApplication.run(Prueba2PaApplication.java:72) ~[classes/:?]
	at org.springframework.boot.SpringApplication.callRunner(SpringApplication.java:771) ~[spring-boot-2.7.2.jar:2.7.2]
	at org.springframework.boot.SpringApplication.callRunners(SpringApplication.java:755) ~[spring-boot-2.7.2.jar:2.7.2]
	at org.springframework.boot.SpringApplication.run(SpringApplication.java:315) ~[spring-boot-2.7.2.jar:2.7.2]
	at org.springframework.boot.SpringApplication.run(SpringApplication.java:1306) ~[spring-boot-2.7.2.jar:2.7.2]
	at org.springframework.boot.SpringApplication.run(SpringApplication.java:1295) ~[spring-boot-2.7.2.jar:2.7.2]
	at uce.edu.prueba2_pa.Prueba2PaApplication.main(Prueba2PaApplication.java:30) ~[classes/:?]
	at jdk.internal.reflect.NativeMethodAccessorImpl.invoke0(Native Method) ~[?:?]
	at jdk.internal.reflect.NativeMethodAccessorImpl.invoke(Unknown Source) ~[?:?]
	at jdk.internal.reflect.DelegatingMethodAccessorImpl.invoke(Unknown Source) ~[?:?]
	at java.lang.reflect.Method.invoke(Unknown Source) ~[?:?]
	at org.springframework.boot.devtools.restart.RestartLauncher.run(RestartLauncher.java:49) ~[spring-boot-devtools-2.7.2.jar:2.7.2]
19:43:56.645 [restartedMain] ERROR org.hibernate.hql.internal.ast.ErrorTracker -  Invalid path: 'p.valorCita'
19:43:56.646 [restartedMain] ERROR org.hibernate.hql.internal.ast.ErrorTracker -  Invalid path: 'p.valorCita'
org.hibernate.hql.internal.ast.InvalidPathException: Invalid path: 'p.valorCita'
	at org.hibernate.hql.internal.ast.util.LiteralProcessor.lookupConstant(LiteralProcessor.java:111) ~[hibernate-core-5.6.10.Final.jar:5.6.10.Final]
	at org.hibernate.hql.internal.ast.tree.DotNode.resolve(DotNode.java:218) ~[hibernate-core-5.6.10.Final.jar:5.6.10.Final]
	at org.hibernate.hql.internal.ast.tree.FromReferenceNode.resolve(FromReferenceNode.java:114) ~[hibernate-core-5.6.10.Final.jar:5.6.10.Final]
	at org.hibernate.hql.internal.ast.tree.FromReferenceNode.resolve(FromReferenceNode.java:109) ~[hibernate-core-5.6.10.Final.jar:5.6.10.Final]
	at org.hibernate.hql.internal.ast.tree.FromReferenceNode.resolve(FromReferenceNode.java:104) ~[hibernate-core-5.6.10.Final.jar:5.6.10.Final]
	at org.hibernate.hql.internal.ast.tree.DotNode.resolveSelectExpression(DotNode.java:798) ~[hibernate-core-5.6.10.Final.jar:5.6.10.Final]
	at org.hibernate.hql.internal.ast.HqlSqlWalker.resolveSelectExpression(HqlSqlWalker.java:1078) ~[hibernate-core-5.6.10.Final.jar:5.6.10.Final]
	at org.hibernate.hql.internal.antlr.HqlSqlBaseWalker.selectExpr(HqlSqlBaseWalker.java:2338) ~[hibernate-core-5.6.10.Final.jar:5.6.10.Final]
	at org.hibernate.hql.internal.antlr.HqlSqlBaseWalker.constructor(HqlSqlBaseWalker.java:2698) ~[hibernate-core-5.6.10.Final.jar:5.6.10.Final]
	at org.hibernate.hql.internal.antlr.HqlSqlBaseWalker.selectExpr(HqlSqlBaseWalker.java:2405) ~[hibernate-core-5.6.10.Final.jar:5.6.10.Final]
	at org.hibernate.hql.internal.antlr.HqlSqlBaseWalker.selectExprList(HqlSqlBaseWalker.java:2275) ~[hibernate-core-5.6.10.Final.jar:5.6.10.Final]
	at org.hibernate.hql.internal.antlr.HqlSqlBaseWalker.selectClause(HqlSqlBaseWalker.java:1534) ~[hibernate-core-5.6.10.Final.jar:5.6.10.Final]
	at org.hibernate.hql.internal.antlr.HqlSqlBaseWalker.query(HqlSqlBaseWalker.java:611) ~[hibernate-core-5.6.10.Final.jar:5.6.10.Final]
	at org.hibernate.hql.internal.antlr.HqlSqlBaseWalker.selectStatement(HqlSqlBaseWalker.java:339) ~[hibernate-core-5.6.10.Final.jar:5.6.10.Final]
	at org.hibernate.hql.internal.antlr.HqlSqlBaseWalker.statement(HqlSqlBaseWalker.java:287) ~[hibernate-core-5.6.10.Final.jar:5.6.10.Final]
	at org.hibernate.hql.internal.ast.QueryTranslatorImpl.analyze(QueryTranslatorImpl.java:276) ~[hibernate-core-5.6.10.Final.jar:5.6.10.Final]
	at org.hibernate.hql.internal.ast.QueryTranslatorImpl.doCompile(QueryTranslatorImpl.java:192) ~[hibernate-core-5.6.10.Final.jar:5.6.10.Final]
	at org.hibernate.hql.internal.ast.QueryTranslatorImpl.compile(QueryTranslatorImpl.java:144) ~[hibernate-core-5.6.10.Final.jar:5.6.10.Final]
	at org.hibernate.engine.query.spi.HQLQueryPlan.<init>(HQLQueryPlan.java:113) ~[hibernate-core-5.6.10.Final.jar:5.6.10.Final]
	at org.hibernate.engine.query.spi.HQLQueryPlan.<init>(HQLQueryPlan.java:73) ~[hibernate-core-5.6.10.Final.jar:5.6.10.Final]
	at org.hibernate.engine.query.spi.QueryPlanCache.getHQLQueryPlan(QueryPlanCache.java:162) ~[hibernate-core-5.6.10.Final.jar:5.6.10.Final]
	at org.hibernate.internal.AbstractSharedSessionContract.getQueryPlan(AbstractSharedSessionContract.java:636) ~[hibernate-core-5.6.10.Final.jar:5.6.10.Final]
	at org.hibernate.internal.AbstractSharedSessionContract.createQuery(AbstractSharedSessionContract.java:748) ~[hibernate-core-5.6.10.Final.jar:5.6.10.Final]
	at org.hibernate.internal.AbstractSharedSessionContract.createQuery(AbstractSharedSessionContract.java:848) ~[hibernate-core-5.6.10.Final.jar:5.6.10.Final]
	at org.hibernate.internal.AbstractSharedSessionContract.createQuery(AbstractSharedSessionContract.java:114) ~[hibernate-core-5.6.10.Final.jar:5.6.10.Final]
	at jdk.internal.reflect.NativeMethodAccessorImpl.invoke0(Native Method) ~[?:?]
	at jdk.internal.reflect.NativeMethodAccessorImpl.invoke(Unknown Source) ~[?:?]
	at jdk.internal.reflect.DelegatingMethodAccessorImpl.invoke(Unknown Source) ~[?:?]
	at java.lang.reflect.Method.invoke(Unknown Source) ~[?:?]
	at org.springframework.orm.jpa.SharedEntityManagerCreator$SharedEntityManagerInvocationHandler.invoke(SharedEntityManagerCreator.java:311) ~[spring-orm-5.3.22.jar:5.3.22]
	at jdk.proxy4.$Proxy101.createQuery(Unknown Source) ~[?:?]
	at uce.edu.prueba2_pa.repository.CitaMedicaRepoImpl.buscarTo(CitaMedicaRepoImpl.java:65) ~[classes/:?]
	at uce.edu.prueba2_pa.repository.CitaMedicaRepoImpl$$FastClassBySpringCGLIB$$fc4c3b74.invoke(<generated>) ~[classes/:?]
	at org.springframework.cglib.proxy.MethodProxy.invoke(MethodProxy.java:218) ~[spring-core-5.3.22.jar:5.3.22]
	at org.springframework.aop.framework.CglibAopProxy$CglibMethodInvocation.invokeJoinpoint(CglibAopProxy.java:793) ~[spring-aop-5.3.22.jar:5.3.22]
	at org.springframework.aop.framework.ReflectiveMethodInvocation.proceed(ReflectiveMethodInvocation.java:163) ~[spring-aop-5.3.22.jar:5.3.22]
	at org.springframework.aop.framework.CglibAopProxy$CglibMethodInvocation.proceed(CglibAopProxy.java:763) ~[spring-aop-5.3.22.jar:5.3.22]
	at org.springframework.dao.support.PersistenceExceptionTranslationInterceptor.invoke(PersistenceExceptionTranslationInterceptor.java:137) ~[spring-tx-5.3.22.jar:5.3.22]
	at org.springframework.aop.framework.ReflectiveMethodInvocation.proceed(ReflectiveMethodInvocation.java:186) ~[spring-aop-5.3.22.jar:5.3.22]
	at org.springframework.aop.framework.CglibAopProxy$CglibMethodInvocation.proceed(CglibAopProxy.java:763) ~[spring-aop-5.3.22.jar:5.3.22]
	at org.springframework.transaction.interceptor.TransactionInterceptor$1.proceedWithInvocation(TransactionInterceptor.java:123) ~[spring-tx-5.3.22.jar:5.3.22]
	at org.springframework.transaction.interceptor.TransactionAspectSupport.invokeWithinTransaction(TransactionAspectSupport.java:388) ~[spring-tx-5.3.22.jar:5.3.22]
	at org.springframework.transaction.interceptor.TransactionInterceptor.invoke(TransactionInterceptor.java:119) ~[spring-tx-5.3.22.jar:5.3.22]
	at org.springframework.aop.framework.ReflectiveMethodInvocation.proceed(ReflectiveMethodInvocation.java:186) ~[spring-aop-5.3.22.jar:5.3.22]
	at org.springframework.aop.framework.CglibAopProxy$CglibMethodInvocation.proceed(CglibAopProxy.java:763) ~[spring-aop-5.3.22.jar:5.3.22]
	at org.springframework.aop.framework.CglibAopProxy$DynamicAdvisedInterceptor.intercept(CglibAopProxy.java:708) ~[spring-aop-5.3.22.jar:5.3.22]
	at uce.edu.prueba2_pa.repository.CitaMedicaRepoImpl$$EnhancerBySpringCGLIB$$cdef993.buscarTo(<generated>) ~[classes/:?]
	at uce.edu.prueba2_pa.service.CitaMedicaServiceImpl.buscarTo(CitaMedicaServiceImpl.java:59) ~[classes/:?]
	at uce.edu.prueba2_pa.service.GestorServiceImpl.generarReporteCita(GestorServiceImpl.java:68) ~[classes/:?]
	at uce.edu.prueba2_pa.Prueba2PaApplication.run(Prueba2PaApplication.java:72) ~[classes/:?]
	at org.springframework.boot.SpringApplication.callRunner(SpringApplication.java:771) ~[spring-boot-2.7.2.jar:2.7.2]
	at org.springframework.boot.SpringApplication.callRunners(SpringApplication.java:755) ~[spring-boot-2.7.2.jar:2.7.2]
	at org.springframework.boot.SpringApplication.run(SpringApplication.java:315) ~[spring-boot-2.7.2.jar:2.7.2]
	at org.springframework.boot.SpringApplication.run(SpringApplication.java:1306) ~[spring-boot-2.7.2.jar:2.7.2]
	at org.springframework.boot.SpringApplication.run(SpringApplication.java:1295) ~[spring-boot-2.7.2.jar:2.7.2]
	at uce.edu.prueba2_pa.Prueba2PaApplication.main(Prueba2PaApplication.java:30) ~[classes/:?]
	at jdk.internal.reflect.NativeMethodAccessorImpl.invoke0(Native Method) ~[?:?]
	at jdk.internal.reflect.NativeMethodAccessorImpl.invoke(Unknown Source) ~[?:?]
	at jdk.internal.reflect.DelegatingMethodAccessorImpl.invoke(Unknown Source) ~[?:?]
	at java.lang.reflect.Method.invoke(Unknown Source) ~[?:?]
	at org.springframework.boot.devtools.restart.RestartLauncher.run(RestartLauncher.java:49) ~[spring-boot-devtools-2.7.2.jar:2.7.2]
19:43:56.710 [restartedMain] INFO  org.springframework.boot.autoconfigure.logging.ConditionEvaluationReportLoggingListener - 

Error starting ApplicationContext. To display the conditions report re-run your application with 'debug' enabled.
19:43:56.787 [restartedMain] ERROR org.springframework.boot.SpringApplication - Application run failed
java.lang.IllegalStateException: Failed to execute CommandLineRunner
	at org.springframework.boot.SpringApplication.callRunner(SpringApplication.java:774) ~[spring-boot-2.7.2.jar:2.7.2]
	at org.springframework.boot.SpringApplication.callRunners(SpringApplication.java:755) ~[spring-boot-2.7.2.jar:2.7.2]
	at org.springframework.boot.SpringApplication.run(SpringApplication.java:315) ~[spring-boot-2.7.2.jar:2.7.2]
	at org.springframework.boot.SpringApplication.run(SpringApplication.java:1306) ~[spring-boot-2.7.2.jar:2.7.2]
	at org.springframework.boot.SpringApplication.run(SpringApplication.java:1295) ~[spring-boot-2.7.2.jar:2.7.2]
	at uce.edu.prueba2_pa.Prueba2PaApplication.main(Prueba2PaApplication.java:30) ~[classes/:?]
	at jdk.internal.reflect.NativeMethodAccessorImpl.invoke0(Native Method) ~[?:?]
	at jdk.internal.reflect.NativeMethodAccessorImpl.invoke(Unknown Source) ~[?:?]
	at jdk.internal.reflect.DelegatingMethodAccessorImpl.invoke(Unknown Source) ~[?:?]
	at java.lang.reflect.Method.invoke(Unknown Source) ~[?:?]
	at org.springframework.boot.devtools.restart.RestartLauncher.run(RestartLauncher.java:49) ~[spring-boot-devtools-2.7.2.jar:2.7.2]
Caused by: org.springframework.dao.InvalidDataAccessApiUsageException: org.hibernate.hql.internal.ast.QuerySyntaxException: Invalid path: 'p.numero' [SELECT NEW uce.edu.prueba2_pa.repository.modelo.ReporteCita(p.numero, p.fechaCita, p.valorCita, p.fechaControl) FROM uce.edu.prueba2_pa.repository.modelo.CitaMedica c WHERE c.fechaCita >= :datoFecha AND c.valorCita >= :datoCosto]; nested exception is java.lang.IllegalArgumentException: org.hibernate.hql.internal.ast.QuerySyntaxException: Invalid path: 'p.numero' [SELECT NEW uce.edu.prueba2_pa.repository.modelo.ReporteCita(p.numero, p.fechaCita, p.valorCita, p.fechaControl) FROM uce.edu.prueba2_pa.repository.modelo.CitaMedica c WHERE c.fechaCita >= :datoFecha AND c.valorCita >= :datoCosto]
	at org.springframework.orm.jpa.EntityManagerFactoryUtils.convertJpaAccessExceptionIfPossible(EntityManagerFactoryUtils.java:374) ~[spring-orm-5.3.22.jar:5.3.22]
	at org.springframework.orm.jpa.vendor.HibernateJpaDialect.translateExceptionIfPossible(HibernateJpaDialect.java:235) ~[spring-orm-5.3.22.jar:5.3.22]
	at org.springframework.orm.jpa.AbstractEntityManagerFactoryBean.translateExceptionIfPossible(AbstractEntityManagerFactoryBean.java:551) ~[spring-orm-5.3.22.jar:5.3.22]
	at org.springframework.dao.support.ChainedPersistenceExceptionTranslator.translateExceptionIfPossible(ChainedPersistenceExceptionTranslator.java:61) ~[spring-tx-5.3.22.jar:5.3.22]
	at org.springframework.dao.support.DataAccessUtils.translateIfNecessary(DataAccessUtils.java:242) ~[spring-tx-5.3.22.jar:5.3.22]
	at org.springframework.dao.support.PersistenceExceptionTranslationInterceptor.invoke(PersistenceExceptionTranslationInterceptor.java:152) ~[spring-tx-5.3.22.jar:5.3.22]
	at org.springframework.aop.framework.ReflectiveMethodInvocation.proceed(ReflectiveMethodInvocation.java:186) ~[spring-aop-5.3.22.jar:5.3.22]
	at org.springframework.aop.framework.CglibAopProxy$CglibMethodInvocation.proceed(CglibAopProxy.java:763) ~[spring-aop-5.3.22.jar:5.3.22]
	at org.springframework.transaction.interceptor.TransactionInterceptor$1.proceedWithInvocation(TransactionInterceptor.java:123) ~[spring-tx-5.3.22.jar:5.3.22]
	at org.springframework.transaction.interceptor.TransactionAspectSupport.invokeWithinTransaction(TransactionAspectSupport.java:388) ~[spring-tx-5.3.22.jar:5.3.22]
	at org.springframework.transaction.interceptor.TransactionInterceptor.invoke(TransactionInterceptor.java:119) ~[spring-tx-5.3.22.jar:5.3.22]
	at org.springframework.aop.framework.ReflectiveMethodInvocation.proceed(ReflectiveMethodInvocation.java:186) ~[spring-aop-5.3.22.jar:5.3.22]
	at org.springframework.aop.framework.CglibAopProxy$CglibMethodInvocation.proceed(CglibAopProxy.java:763) ~[spring-aop-5.3.22.jar:5.3.22]
	at org.springframework.aop.framework.CglibAopProxy$DynamicAdvisedInterceptor.intercept(CglibAopProxy.java:708) ~[spring-aop-5.3.22.jar:5.3.22]
	at uce.edu.prueba2_pa.repository.CitaMedicaRepoImpl$$EnhancerBySpringCGLIB$$cdef993.buscarTo(<generated>) ~[classes/:?]
	at uce.edu.prueba2_pa.service.CitaMedicaServiceImpl.buscarTo(CitaMedicaServiceImpl.java:59) ~[classes/:?]
	at uce.edu.prueba2_pa.service.GestorServiceImpl.generarReporteCita(GestorServiceImpl.java:68) ~[classes/:?]
	at uce.edu.prueba2_pa.Prueba2PaApplication.run(Prueba2PaApplication.java:72) ~[classes/:?]
	at org.springframework.boot.SpringApplication.callRunner(SpringApplication.java:771) ~[spring-boot-2.7.2.jar:2.7.2]
	... 10 more
Caused by: java.lang.IllegalArgumentException: org.hibernate.hql.internal.ast.QuerySyntaxException: Invalid path: 'p.numero' [SELECT NEW uce.edu.prueba2_pa.repository.modelo.ReporteCita(p.numero, p.fechaCita, p.valorCita, p.fechaControl) FROM uce.edu.prueba2_pa.repository.modelo.CitaMedica c WHERE c.fechaCita >= :datoFecha AND c.valorCita >= :datoCosto]
	at org.hibernate.internal.ExceptionConverterImpl.convert(ExceptionConverterImpl.java:138) ~[hibernate-core-5.6.10.Final.jar:5.6.10.Final]
	at org.hibernate.internal.ExceptionConverterImpl.convert(ExceptionConverterImpl.java:181) ~[hibernate-core-5.6.10.Final.jar:5.6.10.Final]
	at org.hibernate.internal.ExceptionConverterImpl.convert(ExceptionConverterImpl.java:188) ~[hibernate-core-5.6.10.Final.jar:5.6.10.Final]
	at org.hibernate.internal.AbstractSharedSessionContract.createQuery(AbstractSharedSessionContract.java:757) ~[hibernate-core-5.6.10.Final.jar:5.6.10.Final]
	at org.hibernate.internal.AbstractSharedSessionContract.createQuery(AbstractSharedSessionContract.java:848) ~[hibernate-core-5.6.10.Final.jar:5.6.10.Final]
	at org.hibernate.internal.AbstractSharedSessionContract.createQuery(AbstractSharedSessionContract.java:114) ~[hibernate-core-5.6.10.Final.jar:5.6.10.Final]
	at jdk.internal.reflect.NativeMethodAccessorImpl.invoke0(Native Method) ~[?:?]
	at jdk.internal.reflect.NativeMethodAccessorImpl.invoke(Unknown Source) ~[?:?]
	at jdk.internal.reflect.DelegatingMethodAccessorImpl.invoke(Unknown Source) ~[?:?]
	at java.lang.reflect.Method.invoke(Unknown Source) ~[?:?]
	at org.springframework.orm.jpa.SharedEntityManagerCreator$SharedEntityManagerInvocationHandler.invoke(SharedEntityManagerCreator.java:311) ~[spring-orm-5.3.22.jar:5.3.22]
	at jdk.proxy4.$Proxy101.createQuery(Unknown Source) ~[?:?]
	at uce.edu.prueba2_pa.repository.CitaMedicaRepoImpl.buscarTo(CitaMedicaRepoImpl.java:65) ~[classes/:?]
	at uce.edu.prueba2_pa.repository.CitaMedicaRepoImpl$$FastClassBySpringCGLIB$$fc4c3b74.invoke(<generated>) ~[classes/:?]
	at org.springframework.cglib.proxy.MethodProxy.invoke(MethodProxy.java:218) ~[spring-core-5.3.22.jar:5.3.22]
	at org.springframework.aop.framework.CglibAopProxy$CglibMethodInvocation.invokeJoinpoint(CglibAopProxy.java:793) ~[spring-aop-5.3.22.jar:5.3.22]
	at org.springframework.aop.framework.ReflectiveMethodInvocation.proceed(ReflectiveMethodInvocation.java:163) ~[spring-aop-5.3.22.jar:5.3.22]
	at org.springframework.aop.framework.CglibAopProxy$CglibMethodInvocation.proceed(CglibAopProxy.java:763) ~[spring-aop-5.3.22.jar:5.3.22]
	at org.springframework.dao.support.PersistenceExceptionTranslationInterceptor.invoke(PersistenceExceptionTranslationInterceptor.java:137) ~[spring-tx-5.3.22.jar:5.3.22]
	at org.springframework.aop.framework.ReflectiveMethodInvocation.proceed(ReflectiveMethodInvocation.java:186) ~[spring-aop-5.3.22.jar:5.3.22]
	at org.springframework.aop.framework.CglibAopProxy$CglibMethodInvocation.proceed(CglibAopProxy.java:763) ~[spring-aop-5.3.22.jar:5.3.22]
	at org.springframework.transaction.interceptor.TransactionInterceptor$1.proceedWithInvocation(TransactionInterceptor.java:123) ~[spring-tx-5.3.22.jar:5.3.22]
	at org.springframework.transaction.interceptor.TransactionAspectSupport.invokeWithinTransaction(TransactionAspectSupport.java:388) ~[spring-tx-5.3.22.jar:5.3.22]
	at org.springframework.transaction.interceptor.TransactionInterceptor.invoke(TransactionInterceptor.java:119) ~[spring-tx-5.3.22.jar:5.3.22]
	at org.springframework.aop.framework.ReflectiveMethodInvocation.proceed(ReflectiveMethodInvocation.java:186) ~[spring-aop-5.3.22.jar:5.3.22]
	at org.springframework.aop.framework.CglibAopProxy$CglibMethodInvocation.proceed(CglibAopProxy.java:763) ~[spring-aop-5.3.22.jar:5.3.22]
	at org.springframework.aop.framework.CglibAopProxy$DynamicAdvisedInterceptor.intercept(CglibAopProxy.java:708) ~[spring-aop-5.3.22.jar:5.3.22]
	at uce.edu.prueba2_pa.repository.CitaMedicaRepoImpl$$EnhancerBySpringCGLIB$$cdef993.buscarTo(<generated>) ~[classes/:?]
	at uce.edu.prueba2_pa.service.CitaMedicaServiceImpl.buscarTo(CitaMedicaServiceImpl.java:59) ~[classes/:?]
	at uce.edu.prueba2_pa.service.GestorServiceImpl.generarReporteCita(GestorServiceImpl.java:68) ~[classes/:?]
	at uce.edu.prueba2_pa.Prueba2PaApplication.run(Prueba2PaApplication.java:72) ~[classes/:?]
	at org.springframework.boot.SpringApplication.callRunner(SpringApplication.java:771) ~[spring-boot-2.7.2.jar:2.7.2]
	... 10 more
Caused by: org.hibernate.hql.internal.ast.QuerySyntaxException: Invalid path: 'p.numero' [SELECT NEW uce.edu.prueba2_pa.repository.modelo.ReporteCita(p.numero, p.fechaCita, p.valorCita, p.fechaControl) FROM uce.edu.prueba2_pa.repository.modelo.CitaMedica c WHERE c.fechaCita >= :datoFecha AND c.valorCita >= :datoCosto]
	at org.hibernate.hql.internal.ast.QuerySyntaxException.convert(QuerySyntaxException.java:74) ~[hibernate-core-5.6.10.Final.jar:5.6.10.Final]
	at org.hibernate.hql.internal.ast.ErrorTracker.throwQueryException(ErrorTracker.java:93) ~[hibernate-core-5.6.10.Final.jar:5.6.10.Final]
	at org.hibernate.hql.internal.ast.QueryTranslatorImpl.analyze(QueryTranslatorImpl.java:282) ~[hibernate-core-5.6.10.Final.jar:5.6.10.Final]
	at org.hibernate.hql.internal.ast.QueryTranslatorImpl.doCompile(QueryTranslatorImpl.java:192) ~[hibernate-core-5.6.10.Final.jar:5.6.10.Final]
	at org.hibernate.hql.internal.ast.QueryTranslatorImpl.compile(QueryTranslatorImpl.java:144) ~[hibernate-core-5.6.10.Final.jar:5.6.10.Final]
	at org.hibernate.engine.query.spi.HQLQueryPlan.<init>(HQLQueryPlan.java:113) ~[hibernate-core-5.6.10.Final.jar:5.6.10.Final]
	at org.hibernate.engine.query.spi.HQLQueryPlan.<init>(HQLQueryPlan.java:73) ~[hibernate-core-5.6.10.Final.jar:5.6.10.Final]
	at org.hibernate.engine.query.spi.QueryPlanCache.getHQLQueryPlan(QueryPlanCache.java:162) ~[hibernate-core-5.6.10.Final.jar:5.6.10.Final]
	at org.hibernate.internal.AbstractSharedSessionContract.getQueryPlan(AbstractSharedSessionContract.java:636) ~[hibernate-core-5.6.10.Final.jar:5.6.10.Final]
	at org.hibernate.internal.AbstractSharedSessionContract.createQuery(AbstractSharedSessionContract.java:748) ~[hibernate-core-5.6.10.Final.jar:5.6.10.Final]
	at org.hibernate.internal.AbstractSharedSessionContract.createQuery(AbstractSharedSessionContract.java:848) ~[hibernate-core-5.6.10.Final.jar:5.6.10.Final]
	at org.hibernate.internal.AbstractSharedSessionContract.createQuery(AbstractSharedSessionContract.java:114) ~[hibernate-core-5.6.10.Final.jar:5.6.10.Final]
	at jdk.internal.reflect.NativeMethodAccessorImpl.invoke0(Native Method) ~[?:?]
	at jdk.internal.reflect.NativeMethodAccessorImpl.invoke(Unknown Source) ~[?:?]
	at jdk.internal.reflect.DelegatingMethodAccessorImpl.invoke(Unknown Source) ~[?:?]
	at java.lang.reflect.Method.invoke(Unknown Source) ~[?:?]
	at org.springframework.orm.jpa.SharedEntityManagerCreator$SharedEntityManagerInvocationHandler.invoke(SharedEntityManagerCreator.java:311) ~[spring-orm-5.3.22.jar:5.3.22]
	at jdk.proxy4.$Proxy101.createQuery(Unknown Source) ~[?:?]
	at uce.edu.prueba2_pa.repository.CitaMedicaRepoImpl.buscarTo(CitaMedicaRepoImpl.java:65) ~[classes/:?]
	at uce.edu.prueba2_pa.repository.CitaMedicaRepoImpl$$FastClassBySpringCGLIB$$fc4c3b74.invoke(<generated>) ~[classes/:?]
	at org.springframework.cglib.proxy.MethodProxy.invoke(MethodProxy.java:218) ~[spring-core-5.3.22.jar:5.3.22]
	at org.springframework.aop.framework.CglibAopProxy$CglibMethodInvocation.invokeJoinpoint(CglibAopProxy.java:793) ~[spring-aop-5.3.22.jar:5.3.22]
	at org.springframework.aop.framework.ReflectiveMethodInvocation.proceed(ReflectiveMethodInvocation.java:163) ~[spring-aop-5.3.22.jar:5.3.22]
	at org.springframework.aop.framework.CglibAopProxy$CglibMethodInvocation.proceed(CglibAopProxy.java:763) ~[spring-aop-5.3.22.jar:5.3.22]
	at org.springframework.dao.support.PersistenceExceptionTranslationInterceptor.invoke(PersistenceExceptionTranslationInterceptor.java:137) ~[spring-tx-5.3.22.jar:5.3.22]
	at org.springframework.aop.framework.ReflectiveMethodInvocation.proceed(ReflectiveMethodInvocation.java:186) ~[spring-aop-5.3.22.jar:5.3.22]
	at org.springframework.aop.framework.CglibAopProxy$CglibMethodInvocation.proceed(CglibAopProxy.java:763) ~[spring-aop-5.3.22.jar:5.3.22]
	at org.springframework.transaction.interceptor.TransactionInterceptor$1.proceedWithInvocation(TransactionInterceptor.java:123) ~[spring-tx-5.3.22.jar:5.3.22]
	at org.springframework.transaction.interceptor.TransactionAspectSupport.invokeWithinTransaction(TransactionAspectSupport.java:388) ~[spring-tx-5.3.22.jar:5.3.22]
	at org.springframework.transaction.interceptor.TransactionInterceptor.invoke(TransactionInterceptor.java:119) ~[spring-tx-5.3.22.jar:5.3.22]
	at org.springframework.aop.framework.ReflectiveMethodInvocation.proceed(ReflectiveMethodInvocation.java:186) ~[spring-aop-5.3.22.jar:5.3.22]
	at org.springframework.aop.framework.CglibAopProxy$CglibMethodInvocation.proceed(CglibAopProxy.java:763) ~[spring-aop-5.3.22.jar:5.3.22]
	at org.springframework.aop.framework.CglibAopProxy$DynamicAdvisedInterceptor.intercept(CglibAopProxy.java:708) ~[spring-aop-5.3.22.jar:5.3.22]
	at uce.edu.prueba2_pa.repository.CitaMedicaRepoImpl$$EnhancerBySpringCGLIB$$cdef993.buscarTo(<generated>) ~[classes/:?]
	at uce.edu.prueba2_pa.service.CitaMedicaServiceImpl.buscarTo(CitaMedicaServiceImpl.java:59) ~[classes/:?]
	at uce.edu.prueba2_pa.service.GestorServiceImpl.generarReporteCita(GestorServiceImpl.java:68) ~[classes/:?]
	at uce.edu.prueba2_pa.Prueba2PaApplication.run(Prueba2PaApplication.java:72) ~[classes/:?]
	at org.springframework.boot.SpringApplication.callRunner(SpringApplication.java:771) ~[spring-boot-2.7.2.jar:2.7.2]
	... 10 more
19:43:56.823 [restartedMain] INFO  org.springframework.orm.jpa.LocalContainerEntityManagerFactoryBean - Closing JPA EntityManagerFactory for persistence unit 'default'
19:44:50.625 [restartedMain] INFO  uce.edu.prueba2_pa.Prueba2PaApplication - Starting Prueba2PaApplication using Java 17.0.3 on DESKTOP-E9HB7V2 with PID 13172 (C:\Users\aldaz\Documents\paulo\Sexto_Septimo\PII\workspace\unidad_2\prueba2_pa\target\classes started by aldaz in C:\Users\aldaz\Documents\paulo\Sexto_Septimo\PII\workspace\unidad_2\prueba2_pa)
19:44:50.633 [restartedMain] INFO  uce.edu.prueba2_pa.Prueba2PaApplication - No active profile set, falling back to 1 default profile: "default"
19:44:50.760 [restartedMain] INFO  org.springframework.boot.devtools.env.DevToolsPropertyDefaultsPostProcessor - Devtools property defaults active! Set 'spring.devtools.add-properties' to 'false' to disable
19:44:51.583 [restartedMain] INFO  org.springframework.data.repository.config.RepositoryConfigurationDelegate - Bootstrapping Spring Data JPA repositories in DEFAULT mode.
19:44:51.626 [restartedMain] INFO  org.springframework.data.repository.config.RepositoryConfigurationDelegate - Finished Spring Data repository scanning in 23 ms. Found 0 JPA repository interfaces.
19:44:52.521 [restartedMain] INFO  org.hibernate.jpa.internal.util.LogHelper - HHH000204: Processing PersistenceUnitInfo [name: default]
19:44:52.723 [restartedMain] INFO  org.hibernate.Version - HHH000412: Hibernate ORM core version 5.6.10.Final
19:44:53.137 [restartedMain] INFO  org.hibernate.annotations.common.Version - HCANN000001: Hibernate Commons Annotations {5.1.2.Final}
19:44:54.073 [restartedMain] INFO  org.hibernate.dialect.Dialect - HHH000400: Using dialect: org.hibernate.dialect.PostgreSQLDialect
19:44:55.843 [restartedMain] INFO  org.hibernate.engine.transaction.jta.platform.internal.JtaPlatformInitiator - HHH000490: Using JtaPlatform implementation: [org.hibernate.engine.transaction.jta.platform.internal.NoJtaPlatform]
19:44:55.864 [restartedMain] INFO  org.springframework.orm.jpa.LocalContainerEntityManagerFactoryBean - Initialized JPA EntityManagerFactory for persistence unit 'default'
19:44:56.285 [restartedMain] INFO  org.springframework.boot.devtools.autoconfigure.OptionalLiveReloadServer - LiveReload server is running on port 35729
19:44:56.334 [restartedMain] INFO  uce.edu.prueba2_pa.Prueba2PaApplication - Started Prueba2PaApplication in 6.407 seconds (JVM running for 8.336)
19:44:56.762 [restartedMain] INFO  uce.edu.prueba2_pa.service.GestorServiceImpl - ReporteCita [costoCita=25.00, fechaCita=2022-07-31T07:01, fechaControl=2022-08-31T07:01, numeroCita=1Q]
19:44:56.784 [SpringApplicationShutdownHook] INFO  org.springframework.orm.jpa.LocalContainerEntityManagerFactoryBean - Closing JPA EntityManagerFactory for persistence unit 'default'
19:46:52.682 [restartedMain] INFO  uce.edu.prueba2_pa.Prueba2PaApplication - Starting Prueba2PaApplication using Java 17.0.3 on DESKTOP-E9HB7V2 with PID 4912 (C:\Users\aldaz\Documents\paulo\Sexto_Septimo\PII\workspace\unidad_2\prueba2_pa\target\classes started by aldaz in C:\Users\aldaz\Documents\paulo\Sexto_Septimo\PII\workspace\unidad_2\prueba2_pa)
19:46:52.693 [restartedMain] INFO  uce.edu.prueba2_pa.Prueba2PaApplication - No active profile set, falling back to 1 default profile: "default"
19:46:52.867 [restartedMain] INFO  org.springframework.boot.devtools.env.DevToolsPropertyDefaultsPostProcessor - Devtools property defaults active! Set 'spring.devtools.add-properties' to 'false' to disable
19:46:54.044 [restartedMain] INFO  org.springframework.data.repository.config.RepositoryConfigurationDelegate - Bootstrapping Spring Data JPA repositories in DEFAULT mode.
19:46:54.099 [restartedMain] INFO  org.springframework.data.repository.config.RepositoryConfigurationDelegate - Finished Spring Data repository scanning in 21 ms. Found 0 JPA repository interfaces.
19:46:55.178 [restartedMain] INFO  org.hibernate.jpa.internal.util.LogHelper - HHH000204: Processing PersistenceUnitInfo [name: default]
19:46:55.350 [restartedMain] INFO  org.hibernate.Version - HHH000412: Hibernate ORM core version 5.6.10.Final
19:46:55.770 [restartedMain] INFO  org.hibernate.annotations.common.Version - HCANN000001: Hibernate Commons Annotations {5.1.2.Final}
19:46:56.566 [restartedMain] INFO  org.hibernate.dialect.Dialect - HHH000400: Using dialect: org.hibernate.dialect.PostgreSQLDialect
19:46:58.388 [restartedMain] INFO  org.hibernate.engine.transaction.jta.platform.internal.JtaPlatformInitiator - HHH000490: Using JtaPlatform implementation: [org.hibernate.engine.transaction.jta.platform.internal.NoJtaPlatform]
19:46:58.410 [restartedMain] INFO  org.springframework.orm.jpa.LocalContainerEntityManagerFactoryBean - Initialized JPA EntityManagerFactory for persistence unit 'default'
19:46:58.804 [restartedMain] INFO  org.springframework.boot.devtools.autoconfigure.OptionalLiveReloadServer - LiveReload server is running on port 35729
19:46:58.851 [restartedMain] INFO  uce.edu.prueba2_pa.Prueba2PaApplication - Started Prueba2PaApplication in 6.898 seconds (JVM running for 8.986)
19:46:59.555 [restartedMain] INFO  uce.edu.prueba2_pa.service.GestorServiceImpl - ReporteCita [costoCita=25.00, fechaCita=2022-07-31T07:01, fechaControl=2022-08-31T07:01, numeroCita=1Q]
19:46:59.571 [SpringApplicationShutdownHook] INFO  org.springframework.orm.jpa.LocalContainerEntityManagerFactoryBean - Closing JPA EntityManagerFactory for persistence unit 'default'
19:53:34.345 [restartedMain] INFO  uce.edu.prueba2_pa.Prueba2PaApplication - Starting Prueba2PaApplication using Java 17.0.3 on DESKTOP-E9HB7V2 with PID 9960 (C:\Users\aldaz\Documents\paulo\Sexto_Septimo\PII\workspace\unidad_2\prueba2_pa\target\classes started by aldaz in C:\Users\aldaz\Documents\paulo\Sexto_Septimo\PII\workspace\unidad_2\prueba2_pa)
19:53:34.353 [restartedMain] INFO  uce.edu.prueba2_pa.Prueba2PaApplication - No active profile set, falling back to 1 default profile: "default"
19:53:34.456 [restartedMain] INFO  org.springframework.boot.devtools.env.DevToolsPropertyDefaultsPostProcessor - Devtools property defaults active! Set 'spring.devtools.add-properties' to 'false' to disable
19:53:35.584 [restartedMain] INFO  org.springframework.data.repository.config.RepositoryConfigurationDelegate - Bootstrapping Spring Data JPA repositories in DEFAULT mode.
19:53:35.634 [restartedMain] INFO  org.springframework.data.repository.config.RepositoryConfigurationDelegate - Finished Spring Data repository scanning in 20 ms. Found 0 JPA repository interfaces.
19:53:36.871 [restartedMain] INFO  org.hibernate.jpa.internal.util.LogHelper - HHH000204: Processing PersistenceUnitInfo [name: default]
19:53:37.068 [restartedMain] INFO  org.hibernate.Version - HHH000412: Hibernate ORM core version 5.6.10.Final
19:53:37.586 [restartedMain] INFO  org.hibernate.annotations.common.Version - HCANN000001: Hibernate Commons Annotations {5.1.2.Final}
19:53:38.464 [restartedMain] INFO  org.hibernate.dialect.Dialect - HHH000400: Using dialect: org.hibernate.dialect.PostgreSQLDialect
19:53:40.354 [restartedMain] INFO  org.hibernate.engine.transaction.jta.platform.internal.JtaPlatformInitiator - HHH000490: Using JtaPlatform implementation: [org.hibernate.engine.transaction.jta.platform.internal.NoJtaPlatform]
19:53:40.374 [restartedMain] INFO  org.springframework.orm.jpa.LocalContainerEntityManagerFactoryBean - Initialized JPA EntityManagerFactory for persistence unit 'default'
19:53:40.746 [restartedMain] INFO  org.springframework.boot.devtools.autoconfigure.OptionalLiveReloadServer - LiveReload server is running on port 35729
19:53:40.792 [restartedMain] INFO  uce.edu.prueba2_pa.Prueba2PaApplication - Started Prueba2PaApplication in 7.377 seconds (JVM running for 9.347)
19:53:41.124 [SpringApplicationShutdownHook] INFO  org.springframework.orm.jpa.LocalContainerEntityManagerFactoryBean - Closing JPA EntityManagerFactory for persistence unit 'default'
